#
# A fatal error has been detected by the Java Runtime Environment:
#
#  EXCEPTION_ACCESS_VIOLATION (0xc0000005) at pc=0x00007ff8d5aaee28, pid=6920, tid=7500
#
# JRE version: OpenJDK Runtime Environment Temurin-17.0.9+9 (17.0.9+9) (build 17.0.9+9)
# Java VM: OpenJDK 64-Bit Server VM Temurin-17.0.9+9 (17.0.9+9, mixed mode, emulated-client, tiered, compressed oops, compressed class ptrs, g1 gc, windows-amd64)
# Problematic frame:
# V  [jvm.dll+0x30ee28]
#
# No core dump will be written. Minidumps are not enabled by default on client versions of Windows
#
# If you would like to submit a bug report, please visit:
#   https://github.com/adoptium/adoptium-support/issues
#

---------------  S U M M A R Y ------------

Command Line: -XX:+HeapDumpOnOutOfMemoryError -Xmx1024m -Dsts.lsp.client=vscode -Dsts.log.file=/dev/null -XX:TieredStopAtLevel=1 -Xlog:jni+resolve=off -Dspring.config.location=file:c:\Users\11725231\.vscode\extensions\vmware.vscode-spring-boot-1.51.0\language-server\BOOT-INF\classes\application.properties org.springframework.ide.vscode.boot.app.BootLanguageServerBootApp

Host: Intel(R) Core(TM) i3-4160 CPU @ 3.60GHz, 4 cores, 7G,  Windows 10 , 64 bit Build 19041 (10.0.19041.3636)
Time: Wed Jan 31 09:04:12 2024 Hora estándar romance elapsed time: 76.958985 seconds (0d 0h 1m 16s)

---------------  T H R E A D  ---------------

Current thread (0x00000229863c9820):  GCTaskThread "GC Thread#0" [stack: 0x000000ee85600000,0x000000ee85700000] [id=7500]

Stack: [0x000000ee85600000,0x000000ee85700000],  sp=0x000000ee856ffb50,  free space=1022k
Native frames: (J=compiled Java code, j=interpreted, Vv=VM code, C=native code)
V  [jvm.dll+0x30ee28]
V  [jvm.dll+0x2f53a8]
V  [jvm.dll+0x2f372a]
V  [jvm.dll+0x2f9994]
V  [jvm.dll+0x2f9ac8]
V  [jvm.dll+0x2f91bd]
V  [jvm.dll+0x2f8a4d]
V  [jvm.dll+0x861e7b]
V  [jvm.dll+0x861ec6]
V  [jvm.dll+0x7e3c3a]
V  [jvm.dll+0x67be35]
C  [ucrtbase.dll+0x21bb2]
C  [KERNEL32.DLL+0x17344]
C  [ntdll.dll+0x526b1]


siginfo: EXCEPTION_ACCESS_VIOLATION (0xc0000005), reading address 0x0000000000000010


Registers:
RAX=0x0000000000000001, RBX=0x0000022996397b48, RCX=0x0000000000000003, RDX=0x00000000c1825350
RSP=0x000000ee856ffb50, RBP=0x00000000c102cafc, RSI=0x0000022996397500, RDI=0x0000000000000018
R8 =0x0000000000000008, R9 =0x0000000000000001, R10=0x0000000000000003, R11=0x0000000000000000
R12=0x000000010004dbd0, R13=0x00000000c102cad8, R14=0x000000010004dbc8, R15=0x0000022996397ab0
RIP=0x00007ff8d5aaee28, EFLAGS=0x0000000000010202


Register to memory mapping:

RIP=0x00007ff8d5aaee28 jvm.dll
RAX=0x0000000000000001 is an unknown value
RBX=0x0000022996397b48 points into unknown readable memory: 0x0000022990882d50 | 50 2d 88 90 29 02 00 00
RCX=0x0000000000000003 is an unknown value
RDX=0x00000000c1825350 is pointing into object: [B 
{0x00000000c1825328} - klass: {type array byte}
 - length: 28
RSP=0x000000ee856ffb50 points into unknown readable memory: 0x0000000000000001 | 01 00 00 00 00 00 00 00
RBP=0x00000000c102cafc is pointing into object: java.lang.invoke.MethodType 
{0x00000000c102cad8} - klass: 'java/lang/invoke/MethodType'
 - ---- fields (total size 5 words):
 - private final synchronized 'rtype' 'Ljava/lang/Class;' @12  a 'java/lang/Class'{0x00000000c0978808} = void (c0978808)
 - private final synchronized 'ptypes' '[Ljava/lang/Class;' @16  a 'java/lang/Class'[1] {0x00000000c102cb00} (c102cb00)
 - private synchronized 'form' 'Ljava/lang/invoke/MethodTypeForm;' @20  a 'java/lang/invoke/MethodTypeForm'{0x00000000c09818b8} (c09818b8)
 - private synchronized 'wrapAlt' 'Ljava/lang/Object;' @24  NULL (0)
 - private synchronized 'invokers' 'Ljava/lang/invoke/Invokers;' @28  NULL (0)
 - private synchronized 'methodDescriptor' 'Ljava/lang/String;' @32  
[error occurred during error reporting (printing register info), id 0xc0000005, EXCEPTION_ACCESS_VIOLATION (0xc0000005) at pc=0x00007ff8d5e09513]

Top of Stack: (sp=0x000000ee856ffb50)
0x000000ee856ffb50:   0000000000000001 00007ff8d59971e4
0x000000ee856ffb60:   000002299575c0c8 00007ff8d5a9520e
0x000000ee856ffb70:   00000000c1825350 00007ff8d5a953a8
0x000000ee856ffb80:   00000229967931d0 00007ff8d59970c5
0x000000ee856ffb90:   00000000c180c3d0 00000000c18049d4
0x000000ee856ffba0:   00000000c1825350 0000000056293b65
0x000000ee856ffbb0:   00000000c1825350 00007ff8d5a9372a
0x000000ee856ffbc0:   00000000c102caf8 0000022996397500
0x000000ee856ffbd0:   00000000c136f338 0000022996397500
0x000000ee856ffbe0:   00007ff8d57a0000 0000000000000000
0x000000ee856ffbf0:   000000000000000c 000000000000000c
0x000000ee856ffc00:   0000022996397500 00007ff8d5a99994
0x000000ee856ffc10:   0000000000000052 00000000c102cad8
0x000000ee856ffc20:   000000000000000a 0000022996397500
0x000000ee856ffc30:   0000000000000000 00000000c136e238
0x000000ee856ffc40:   0000000000000010 0000000000000000
0x000000ee856ffc50:   00007ff8d57a0000 00007ff8d5a99ac8
0x000000ee856ffc60:   0000022996397500 0000000000000052
0x000000ee856ffc70:   0000022996397500 0000000000000052
0x000000ee856ffc80:   00000000c136e238 0000000000000000
0x000000ee856ffc90:   0000000000000000 0000000000000000
0x000000ee856ffca0:   0000000000000000 000000ee85bff448
0x000000ee856ffcb0:   000000ee85bfead0 0000022996397500
0x000000ee856ffcc0:   00007ff8d57a0000 0000000000000010
0x000000ee856ffcd0:   000000ee85bff460 00007ff8d5a991bd
0x000000ee856ffce0:   000002298639eeb0 000000ee85bfe970
0x000000ee856ffcf0:   000000000000000c 00007ff8d5abb387
0x000000ee856ffd00:   000000ee85bfe990 000000ee85bfe970
0x000000ee856ffd10:   0000000000000000 0000022996397500
0x000000ee856ffd20:   00000000000003d8 000002298639f288
0x000000ee856ffd30:   000002298639eea0 000002298639eeb0
0x000000ee856ffd40:   000000ee85bfe970 00007ff8d5a98a4d 

Instructions: (pc=0x00007ff8d5aaee28)
0x00007ff8d5aaed28:   cc cc cc cc cc cc cc cc 48 89 5c 24 08 57 48 83
0x00007ff8d5aaed38:   ec 30 33 c0 48 89 11 41 8d 50 ff 48 89 41 08 48
0x00007ff8d5aaed48:   89 51 28 48 8b d9 44 89 41 10 41 8b f8 48 89 41
0x00007ff8d5aaed58:   18 48 89 41 20 41 8b c8 e8 7b bc cf ff 84 c0 75
0x00007ff8d5aaed68:   2b 4c 8d 0d f0 b5 64 00 89 7c 24 20 4c 8d 05 1d
0x00007ff8d5aaed78:   b6 64 00 ba 28 00 00 00 48 8d 0d 49 b6 64 00 e8
0x00007ff8d5aaed88:   34 90 f3 ff e8 bf dc 36 00 8b 7b 10 45 33 c0 8b
0x00007ff8d5aaed98:   cf 48 c1 e1 04 41 8d 50 05 e8 1a 7d d9 ff 48 89
0x00007ff8d5aaeda8:   43 08 48 8b c3 48 8b 5c 24 40 48 83 c4 30 5f c3
0x00007ff8d5aaedb8:   cc cc cc cc cc cc cc cc 48 8b 49 08 e9 77 7c d9
0x00007ff8d5aaedc8:   ff cc cc cc cc cc cc cc 48 89 5c 24 08 57 48 83
0x00007ff8d5aaedd8:   ec 20 48 8b 05 27 b0 8a 00 48 8b d9 48 8b fa 8b
0x00007ff8d5aaede8:   88 c0 01 00 00 4c 8b 80 b8 01 00 00 0f b6 05 e9
0x00007ff8d5aaedf8:   44 87 00 49 d3 e0 8b 0d cc 4e 87 00 49 2b f8 48
0x00007ff8d5aaee08:   d3 ef 84 c0 74 16 44 8b 42 08 8b 0d e0 84 80 00
0x00007ff8d5aaee18:   49 d3 e0 4c 03 05 ce 84 80 00 eb 04 4c 8b 42 08
0x00007ff8d5aaee28:   45 8b 48 08 45 85 c9 7e 0c 41 f6 c1 01 75 55 41
0x00007ff8d5aaee38:   c1 f9 03 eb 5e 79 4d 84 c0 41 b8 0c 00 00 00 8b
0x00007ff8d5aaee48:   05 e7 93 80 00 b9 10 00 00 00 41 0f 45 c8 ff c8
0x00007ff8d5aaee58:   4c 63 c0 41 8b c1 48 c1 f8 10 48 63 14 11 41 8b
0x00007ff8d5aaee68:   c9 83 e1 3f 48 d3 e2 0f b6 c8 49 8d 04 10 49 f7
0x00007ff8d5aaee78:   d0 48 03 c8 4d 8b c8 49 c1 e9 03 48 c1 e9 03 44
0x00007ff8d5aaee88:   23 c9 eb 0f 49 8b 00 49 8b c8 ff 90 00 01 00 00
0x00007ff8d5aaee98:   44 8b c8 8b 53 28 8b c7 48 23 d0 48 c1 e2 04 48
0x00007ff8d5aaeea8:   03 53 08 8b 02 3b c7 74 34 4c 8b 42 08 4d 85 c0
0x00007ff8d5aaeeb8:   74 0b 8b c8 48 8b 03 f0 4c 0f c1 04 c8 48 c7 42
0x00007ff8d5aaeec8:   08 00 00 00 00 89 3a 48 ff 43 20 49 63 c1 48 01
0x00007ff8d5aaeed8:   42 08 48 8b 5c 24 30 48 83 c4 20 5f c3 48 ff 43
0x00007ff8d5aaeee8:   18 48 8b 5c 24 30 49 63 c1 48 01 42 08 48 83 c4
0x00007ff8d5aaeef8:   20 5f c3 cc cc cc cc cc 48 89 5c 24 08 33 db 4c
0x00007ff8d5aaef08:   8b da 4c 8b c9 44 8b c3 39 59 10 76 39 66 66 66
0x00007ff8d5aaef18:   0f 1f 84 00 00 00 00 00 41 8b c0 48 c1 e0 04 49 


Stack slot to memory mapping:
stack at sp + 0 slots: 0x0000000000000001 is an unknown value
stack at sp + 1 slots: 0x00007ff8d59971e4 jvm.dll
stack at sp + 2 slots: 0x000002299575c0c8 points into unknown readable memory: 0x00000000c18049e0 | e0 49 80 c1 00 00 00 00
stack at sp + 3 slots: 0x00007ff8d5a9520e jvm.dll
stack at sp + 4 slots: 0x00000000c1825350 is pointing into object: [B 
{0x00000000c1825328} - klass: {type array byte}
 - length: 28
stack at sp + 5 slots: 0x00007ff8d5a953a8 jvm.dll
stack at sp + 6 slots: 0x00000229967931d0 points into unknown readable memory: 0x00007ff8d614ffa0 | a0 ff 14 d6 f8 7f 00 00
stack at sp + 7 slots: 0x00007ff8d59970c5 jvm.dll


---------------  P R O C E S S  ---------------

Threads class SMR info:
_java_thread_list=0x0000022996e603b0, length=24, elements={
0x0000022990904730, 0x00000229909055b0, 0x0000022990932e40, 0x0000022990933bd0,
0x00000229909374c0, 0x0000022990937d90, 0x0000022990938710, 0x0000022990939020,
0x0000022990c81c80, 0x0000022990c875d0, 0x00000229957bc060, 0x0000022990bd6190,
0x000002299586f800, 0x000002298638c370, 0x00000229957f5840, 0x0000022996397020,
0x00000229963a46e0, 0x00000229963a1e60, 0x00000229963a2370, 0x00000229963a32a0,
0x00000229963a2d90, 0x00000229963a2880, 0x00000229963a1440, 0x00000229963a1950
}

Java Threads: ( => current thread )
  0x0000022990904730 JavaThread "Reference Handler" daemon [_thread_blocked, id=9816, stack(0x000000ee85c00000,0x000000ee85d00000)]
  0x00000229909055b0 JavaThread "Finalizer" daemon [_thread_blocked, id=3388, stack(0x000000ee85d00000,0x000000ee85e00000)]
  0x0000022990932e40 JavaThread "Signal Dispatcher" daemon [_thread_blocked, id=5244, stack(0x000000ee85e00000,0x000000ee85f00000)]
  0x0000022990933bd0 JavaThread "Attach Listener" daemon [_thread_blocked, id=6244, stack(0x000000ee85f00000,0x000000ee86000000)]
  0x00000229909374c0 JavaThread "Service Thread" daemon [_thread_blocked, id=2128, stack(0x000000ee86000000,0x000000ee86100000)]
  0x0000022990937d90 JavaThread "Monitor Deflation Thread" daemon [_thread_blocked, id=7264, stack(0x000000ee86100000,0x000000ee86200000)]
  0x0000022990938710 JavaThread "C1 CompilerThread0" daemon [_thread_blocked, id=7844, stack(0x000000ee86200000,0x000000ee86300000)]
  0x0000022990939020 JavaThread "Sweeper thread" daemon [_thread_blocked, id=4844, stack(0x000000ee86300000,0x000000ee86400000)]
  0x0000022990c81c80 JavaThread "Notification Thread" daemon [_thread_blocked, id=2284, stack(0x000000ee86400000,0x000000ee86500000)]
  0x0000022990c875d0 JavaThread "Common-Cleaner" daemon [_thread_blocked, id=10488, stack(0x000000ee86600000,0x000000ee86700000)]
  0x00000229957bc060 JavaThread "boundedElastic-evictor-1" daemon [_thread_blocked, id=4256, stack(0x000000ee86b00000,0x000000ee86c00000)]
  0x0000022990bd6190 JavaThread "pool-12-thread-1" [_thread_blocked, id=3328, stack(0x000000ee86d00000,0x000000ee86e00000)]
  0x000002299586f800 JavaThread "LanguageServerApp-lifecycle" [_thread_blocked, id=4688, stack(0x000000ee86e00000,0x000000ee86f00000)]
  0x000002298638c370 JavaThread "DestroyJavaVM" [_thread_blocked, id=9316, stack(0x000000ee85500000,0x000000ee85600000)]
  0x00000229957f5840 JavaThread "pool-13-thread-1" [_thread_in_native, id=3528, stack(0x000000ee86f00000,0x000000ee87000000)]
  0x0000022996397020 JavaThread "Simple-Language-Server main thread" daemon [_thread_blocked, id=6808, stack(0x000000ee87000000,0x000000ee87100000)]
  0x00000229963a46e0 JavaThread "parallel-1" daemon [_thread_blocked, id=3512, stack(0x000000ee87400000,0x000000ee87500000)]
  0x00000229963a1e60 JavaThread "pool-6-thread-1" [_thread_blocked, id=10624, stack(0x000000ee87500000,0x000000ee87600000)]
  0x00000229963a2370 JavaThread "parallel-2" daemon [_thread_blocked, id=10804, stack(0x000000ee87600000,0x000000ee87700000)]
  0x00000229963a32a0 JavaThread "OkHttp api.spring.io" daemon [_thread_in_native, id=196, stack(0x000000ee87a00000,0x000000ee87b00000)]
  0x00000229963a2d90 JavaThread "OkHttp api.spring.io" daemon [_thread_in_native, id=4136, stack(0x000000ee87b00000,0x000000ee87c00000)]
  0x00000229963a2880 JavaThread "Okio Watchdog" daemon [_thread_blocked, id=8388, stack(0x000000ee87c00000,0x000000ee87d00000)]
  0x00000229963a1440 JavaThread "OkHttp api.spring.io" daemon [_thread_in_native, id=1036, stack(0x000000ee87e00000,0x000000ee87f00000)]
  0x00000229963a1950 JavaThread "OkHttp TaskRunner" daemon [_thread_blocked, id=5920, stack(0x000000ee88000000,0x000000ee88100000)]

Other Threads:
  0x00000229908eb640 VMThread "VM Thread" [stack: 0x000000ee85b00000,0x000000ee85c00000] [id=2652]
  0x0000022990c82160 WatcherThread [stack: 0x000000ee86500000,0x000000ee86600000] [id=8220]
=>0x00000229863c9820 GCTaskThread "GC Thread#0" [stack: 0x000000ee85600000,0x000000ee85700000] [id=7500]
  0x00000229954b3510 GCTaskThread "GC Thread#1" [stack: 0x000000ee86800000,0x000000ee86900000] [id=8136]
  0x00000229954b37d0 GCTaskThread "GC Thread#2" [stack: 0x000000ee86900000,0x000000ee86a00000] [id=1952]
  0x00000229956c75b0 GCTaskThread "GC Thread#3" [stack: 0x000000ee86a00000,0x000000ee86b00000] [id=7444]
  0x00000229863d2770 ConcurrentGCThread "G1 Main Marker" [stack: 0x000000ee85700000,0x000000ee85800000] [id=10160]
  0x00000229863d3190 ConcurrentGCThread "G1 Conc#0" [stack: 0x000000ee85800000,0x000000ee85900000] [id=2408]
  0x0000022990760090 ConcurrentGCThread "G1 Refine#0" [stack: 0x000000ee85900000,0x000000ee85a00000] [id=10568]
  0x0000022990760ac0 ConcurrentGCThread "G1 Service" [stack: 0x000000ee85a00000,0x000000ee85b00000] [id=8480]

Threads with active compile tasks:

VM state: at safepoint (normal execution)

VM Mutex/Monitor currently owned by a thread:  ([mutex/lock_event])
[0x00000229841c0000] Threads_lock - owner thread: 0x00000229908eb640
[0x000002298638a4a0] Heap_lock - owner thread: 0x0000022990bd6190

Heap address: 0x00000000c0000000, size: 1024 MB, Compressed Oops mode: 32-bit

CDS archive(s) not mapped
Compressed class space mapped at: 0x0000000100000000-0x0000000140000000, reserved size: 1073741824
Narrow klass base: 0x0000000000000000, Narrow klass shift: 3, Narrow klass range: 0x140000000

GC Precious Log:
 CPUs: 4 total, 4 available
 Memory: 8086M
 Large Page Support: Disabled
 NUMA Support: Disabled
 Compressed Oops: Enabled (32-bit)
 Heap Region Size: 1M
 Heap Min Capacity: 8M
 Heap Initial Capacity: 128M
 Heap Max Capacity: 1G
 Pre-touch: Disabled
 Parallel Workers: 4
 Concurrent Workers: 1
 Concurrent Refinement Workers: 4
 Periodic GC: Disabled

Heap:
 garbage-first heap   total 73728K, used 28585K [0x00000000c0000000, 0x0000000100000000)
  region size 1024K, 1 young (1024K), 0 survivors (0K)
 Metaspace       used 57028K, committed 57792K, reserved 1114112K
  class space    used 7019K, committed 7296K, reserved 1048576K

Heap Regions: E=young(eden), S=young(survivor), O=old, HS=humongous(starts), HC=humongous(continues), CS=collection set, F=free, OA=open archive, CA=closed archive, TAMS=top-at-mark-start (previous, next)
|   0|0x00000000c0000000, 0x00000000c0100000, 0x00000000c0100000|100%|HS|  |TAMS 0x00000000c0100000, 0x00000000c0000000| Untracked 
|   1|0x00000000c0100000, 0x00000000c0200000, 0x00000000c0200000|100%|HC|  |TAMS 0x00000000c0200000, 0x00000000c0100000| Untracked 
|   2|0x00000000c0200000, 0x00000000c0300000, 0x00000000c0300000|100%|HC|  |TAMS 0x00000000c0300000, 0x00000000c0200000| Untracked 
|   3|0x00000000c0300000, 0x00000000c0400000, 0x00000000c0400000|100%|HC|  |TAMS 0x00000000c0400000, 0x00000000c0300000| Untracked 
|   4|0x00000000c0400000, 0x00000000c04fff98, 0x00000000c0500000| 99%| O|  |TAMS 0x00000000c04fff98, 0x00000000c0400000| Untracked 
|   5|0x00000000c0500000, 0x00000000c0600000, 0x00000000c0600000|100%| O|  |TAMS 0x00000000c0600000, 0x00000000c0500000| Untracked 
|   6|0x00000000c0600000, 0x00000000c06f8118, 0x00000000c0700000| 96%| O|  |TAMS 0x00000000c06f8118, 0x00000000c0600000| Untracked 
|   7|0x00000000c0700000, 0x00000000c07ffff0, 0x00000000c0800000| 99%| O|  |TAMS 0x00000000c07ffff0, 0x00000000c0700000| Untracked 
|   8|0x00000000c0800000, 0x00000000c0900000, 0x00000000c0900000|100%| O|  |TAMS 0x00000000c0900000, 0x00000000c0800000| Untracked 
|   9|0x00000000c0900000, 0x00000000c0a00000, 0x00000000c0a00000|100%| O|  |TAMS 0x00000000c0a00000, 0x00000000c0900000| Untracked 
|  10|0x00000000c0a00000, 0x00000000c0afffe0, 0x00000000c0b00000| 99%| O|  |TAMS 0x00000000c0afffe0, 0x00000000c0a00000| Untracked 
|  11|0x00000000c0b00000, 0x00000000c0c00000, 0x00000000c0c00000|100%| O|  |TAMS 0x00000000c0c00000, 0x00000000c0b00000| Untracked 
|  12|0x00000000c0c00000, 0x00000000c0cffff0, 0x00000000c0d00000| 99%| O|  |TAMS 0x00000000c0c00000, 0x00000000c0c00000| Untracked 
|  13|0x00000000c0d00000, 0x00000000c0dfff90, 0x00000000c0e00000| 99%| O|  |TAMS 0x00000000c0d00000, 0x00000000c0d00000| Untracked 
|  14|0x00000000c0e00000, 0x00000000c0efffd8, 0x00000000c0f00000| 99%| O|  |TAMS 0x00000000c0e00000, 0x00000000c0e00000| Untracked 
|  15|0x00000000c0f00000, 0x00000000c0fff9a0, 0x00000000c1000000| 99%| O|  |TAMS 0x00000000c0f00000, 0x00000000c0f00000| Untracked 
|  16|0x00000000c1000000, 0x00000000c10ffec0, 0x00000000c1100000| 99%| O|  |TAMS 0x00000000c1000000, 0x00000000c1000000| Untracked 
|  17|0x00000000c1100000, 0x00000000c11fffc8, 0x00000000c1200000| 99%| O|  |TAMS 0x00000000c1100000, 0x00000000c1100000| Untracked 
|  18|0x00000000c1200000, 0x00000000c12fffd8, 0x00000000c1300000| 99%| O|  |TAMS 0x00000000c1200000, 0x00000000c1200000| Untracked 
|  19|0x00000000c1300000, 0x00000000c1400000, 0x00000000c1400000|100%| O|  |TAMS 0x00000000c1300000, 0x00000000c1300000| Untracked 
|  20|0x00000000c1400000, 0x00000000c14ffb50, 0x00000000c1500000| 99%| O|  |TAMS 0x00000000c1400000, 0x00000000c1400000| Untracked 
|  21|0x00000000c1500000, 0x00000000c15ffff8, 0x00000000c1600000| 99%| O|  |TAMS 0x00000000c1500000, 0x00000000c1500000| Untracked 
|  22|0x00000000c1600000, 0x00000000c16ffff8, 0x00000000c1700000| 99%| O|  |TAMS 0x00000000c1600000, 0x00000000c1600000| Untracked 
|  23|0x00000000c1700000, 0x00000000c17fe430, 0x00000000c1800000| 99%| O|  |TAMS 0x00000000c1700000, 0x00000000c1700000| Untracked 
|  24|0x00000000c1800000, 0x00000000c18fae78, 0x00000000c1900000| 98%| O|  |TAMS 0x00000000c1800000, 0x00000000c1800000| Untracked 
|  25|0x00000000c1900000, 0x00000000c1902268, 0x00000000c1a00000|  0%| O|  |TAMS 0x00000000c1900000, 0x00000000c1900000| Untracked 
|  26|0x00000000c1a00000, 0x00000000c1afb118, 0x00000000c1b00000| 98%| O|  |TAMS 0x00000000c1afb118, 0x00000000c1a00000| Untracked 
|  27|0x00000000c1b00000, 0x00000000c1bcb5a8, 0x00000000c1c00000| 79%| O|  |TAMS 0x00000000c1b00000, 0x00000000c1b00000| Untracked 
|  28|0x00000000c1c00000, 0x00000000c1d00000, 0x00000000c1d00000|100%| O|  |TAMS 0x00000000c1d00000, 0x00000000c1c00000| Untracked 
|  29|0x00000000c1d00000, 0x00000000c1d00000, 0x00000000c1e00000|  0%| F|  |TAMS 0x00000000c1d00000, 0x00000000c1d00000| Untracked 
|  30|0x00000000c1e00000, 0x00000000c1e00000, 0x00000000c1f00000|  0%| F|  |TAMS 0x00000000c1e00000, 0x00000000c1e00000| Untracked 
|  31|0x00000000c1f00000, 0x00000000c1f00000, 0x00000000c2000000|  0%| F|  |TAMS 0x00000000c1f00000, 0x00000000c1f00000| Untracked 
|  32|0x00000000c2000000, 0x00000000c2000000, 0x00000000c2100000|  0%| F|  |TAMS 0x00000000c2000000, 0x00000000c2000000| Untracked 
|  33|0x00000000c2100000, 0x00000000c2100000, 0x00000000c2200000|  0%| F|  |TAMS 0x00000000c2100000, 0x00000000c2100000| Untracked 
|  34|0x00000000c2200000, 0x00000000c2200000, 0x00000000c2300000|  0%| F|  |TAMS 0x00000000c2200000, 0x00000000c2200000| Untracked 
|  35|0x00000000c2300000, 0x00000000c2300000, 0x00000000c2400000|  0%| F|  |TAMS 0x00000000c2300000, 0x00000000c2300000| Untracked 
|  36|0x00000000c2400000, 0x00000000c2400000, 0x00000000c2500000|  0%| F|  |TAMS 0x00000000c2400000, 0x00000000c2400000| Untracked 
|  37|0x00000000c2500000, 0x00000000c2500000, 0x00000000c2600000|  0%| F|  |TAMS 0x00000000c2500000, 0x00000000c2500000| Untracked 
|  38|0x00000000c2600000, 0x00000000c2600000, 0x00000000c2700000|  0%| F|  |TAMS 0x00000000c2600000, 0x00000000c2600000| Untracked 
|  39|0x00000000c2700000, 0x00000000c2700000, 0x00000000c2800000|  0%| F|  |TAMS 0x00000000c2700000, 0x00000000c2700000| Untracked 
|  40|0x00000000c2800000, 0x00000000c2800000, 0x00000000c2900000|  0%| F|  |TAMS 0x00000000c2800000, 0x00000000c2800000| Untracked 
|  41|0x00000000c2900000, 0x00000000c2900000, 0x00000000c2a00000|  0%| F|  |TAMS 0x00000000c2900000, 0x00000000c2900000| Untracked 
|  42|0x00000000c2a00000, 0x00000000c2a00000, 0x00000000c2b00000|  0%| F|  |TAMS 0x00000000c2a00000, 0x00000000c2a00000| Untracked 
|  43|0x00000000c2b00000, 0x00000000c2b00000, 0x00000000c2c00000|  0%| F|  |TAMS 0x00000000c2b00000, 0x00000000c2b00000| Untracked 
|  44|0x00000000c2c00000, 0x00000000c2c00000, 0x00000000c2d00000|  0%| F|  |TAMS 0x00000000c2c00000, 0x00000000c2c00000| Untracked 
|  45|0x00000000c2d00000, 0x00000000c2d00000, 0x00000000c2e00000|  0%| F|  |TAMS 0x00000000c2d00000, 0x00000000c2d00000| Untracked 
|  46|0x00000000c2e00000, 0x00000000c2e00000, 0x00000000c2f00000|  0%| F|  |TAMS 0x00000000c2e00000, 0x00000000c2e00000| Untracked 
|  47|0x00000000c2f00000, 0x00000000c2f00000, 0x00000000c3000000|  0%| F|  |TAMS 0x00000000c2f00000, 0x00000000c2f00000| Untracked 
|  48|0x00000000c3000000, 0x00000000c3000000, 0x00000000c3100000|  0%| F|  |TAMS 0x00000000c3000000, 0x00000000c3000000| Untracked 
|  49|0x00000000c3100000, 0x00000000c3100000, 0x00000000c3200000|  0%| F|  |TAMS 0x00000000c3100000, 0x00000000c3100000| Untracked 
|  50|0x00000000c3200000, 0x00000000c3200000, 0x00000000c3300000|  0%| F|  |TAMS 0x00000000c3200000, 0x00000000c3200000| Untracked 
|  51|0x00000000c3300000, 0x00000000c3300000, 0x00000000c3400000|  0%| F|  |TAMS 0x00000000c3300000, 0x00000000c3300000| Untracked 
|  52|0x00000000c3400000, 0x00000000c3400000, 0x00000000c3500000|  0%| F|  |TAMS 0x00000000c3400000, 0x00000000c3400000| Untracked 
|  53|0x00000000c3500000, 0x00000000c3500000, 0x00000000c3600000|  0%| F|  |TAMS 0x00000000c3500000, 0x00000000c3500000| Untracked 
|  54|0x00000000c3600000, 0x00000000c3600000, 0x00000000c3700000|  0%| F|  |TAMS 0x00000000c3600000, 0x00000000c3600000| Untracked 
|  55|0x00000000c3700000, 0x00000000c3700000, 0x00000000c3800000|  0%| F|  |TAMS 0x00000000c3700000, 0x00000000c3700000| Untracked 
|  56|0x00000000c3800000, 0x00000000c3800000, 0x00000000c3900000|  0%| F|  |TAMS 0x00000000c3800000, 0x00000000c3800000| Untracked 
|  57|0x00000000c3900000, 0x00000000c3900000, 0x00000000c3a00000|  0%| F|  |TAMS 0x00000000c3900000, 0x00000000c3900000| Untracked 
|  58|0x00000000c3a00000, 0x00000000c3a00000, 0x00000000c3b00000|  0%| F|  |TAMS 0x00000000c3a00000, 0x00000000c3a00000| Untracked 
|  59|0x00000000c3b00000, 0x00000000c3b00000, 0x00000000c3c00000|  0%| F|  |TAMS 0x00000000c3b00000, 0x00000000c3b00000| Untracked 
|  60|0x00000000c3c00000, 0x00000000c3c00000, 0x00000000c3d00000|  0%| F|  |TAMS 0x00000000c3c00000, 0x00000000c3c00000| Untracked 
|  61|0x00000000c3d00000, 0x00000000c3d00000, 0x00000000c3e00000|  0%| F|  |TAMS 0x00000000c3d00000, 0x00000000c3d00000| Untracked 
|  62|0x00000000c3e00000, 0x00000000c3e00000, 0x00000000c3f00000|  0%| F|  |TAMS 0x00000000c3e00000, 0x00000000c3e00000| Untracked 
|  63|0x00000000c3f00000, 0x00000000c3f00000, 0x00000000c4000000|  0%| F|  |TAMS 0x00000000c3f00000, 0x00000000c3f00000| Untracked 
|  64|0x00000000c4000000, 0x00000000c4000000, 0x00000000c4100000|  0%| F|  |TAMS 0x00000000c4000000, 0x00000000c4000000| Untracked 
|  84|0x00000000c5400000, 0x00000000c5400000, 0x00000000c5500000|  0%| F|  |TAMS 0x00000000c5400000, 0x00000000c5400000| Untracked 
|  85|0x00000000c5500000, 0x00000000c5500000, 0x00000000c5600000|  0%| F|  |TAMS 0x00000000c5500000, 0x00000000c5500000| Untracked 
|  86|0x00000000c5600000, 0x00000000c5600000, 0x00000000c5700000|  0%| F|  |TAMS 0x00000000c5600000, 0x00000000c5600000| Untracked 
|  87|0x00000000c5700000, 0x00000000c5700000, 0x00000000c5800000|  0%| F|  |TAMS 0x00000000c5700000, 0x00000000c5700000| Untracked 
|  88|0x00000000c5800000, 0x00000000c5800000, 0x00000000c5900000|  0%| F|  |TAMS 0x00000000c5800000, 0x00000000c5800000| Untracked 
| 126|0x00000000c7e00000, 0x00000000c7e00000, 0x00000000c7f00000|  0%| F|  |TAMS 0x00000000c7e00000, 0x00000000c7e00000| Untracked 
| 127|0x00000000c7f00000, 0x00000000c7f31668, 0x00000000c8000000| 19%| E|  |TAMS 0x00000000c7f00000, 0x00000000c7f00000| Complete 

Card table byte_map: [0x000002298c020000,0x000002298c220000] _byte_map_base: 0x000002298ba20000

Marking Bits (Prev, Next): (CMBitMap*) 0x00000229863c9e80, (CMBitMap*) 0x00000229863c9e40
 Prev Bits: [0x000002298d420000, 0x000002298e420000)
 Next Bits: [0x000002298c420000, 0x000002298d420000)

Polling page: 0x0000022985b40000

Metaspace:

Usage:
  Non-class:     48.84 MB used.
      Class:      6.85 MB used.
       Both:     55.69 MB used.

Virtual space:
  Non-class space:       64.00 MB reserved,      49.31 MB ( 77%) committed,  1 nodes.
      Class space:        1.00 GB reserved,       7.12 MB ( <1%) committed,  1 nodes.
             Both:        1.06 GB reserved,      56.44 MB (  5%) committed. 

Chunk freelists:
   Non-Class:  14.45 MB
       Class:  9.02 MB
        Both:  23.48 MB

MaxMetaspaceSize: unlimited
CompressedClassSpaceSize: 1.00 GB
Initial GC threshold: 21.00 MB
Current GC threshold: 94.06 MB
CDS: off
MetaspaceReclaimPolicy: balanced
 - commit_granule_bytes: 65536.
 - commit_granule_words: 8192.
 - virtual_space_node_default_size: 8388608.
 - enlarge_chunks_in_place: 1.
 - new_chunks_are_fully_committed: 0.
 - uncommit_free_chunks: 1.
 - use_allocation_guard: 0.
 - handle_deallocations: 1.


Internal statistics:

num_allocs_failed_limit: 6.
num_arena_births: 612.
num_arena_deaths: 214.
num_vsnodes_births: 2.
num_vsnodes_deaths: 0.
num_space_committed: 903.
num_space_uncommitted: 0.
num_chunks_returned_to_freelist: 255.
num_chunks_taken_from_freelist: 2361.
num_chunk_merges: 84.
num_chunk_splits: 1677.
num_chunks_enlarged: 1271.
num_inconsistent_stats: 0.

CodeCache: size=49152Kb used=9593Kb max_used=10593Kb free=39558Kb
 bounds [0x0000022989020000, 0x0000022989a80000, 0x000002298c020000]
 total_blobs=5878 nmethods=5218 adapters=587
 compilation: enabled
              stopped_count=0, restarted_count=0
 full_count=0

Compilation events (20 events):
Event: 56.224 Thread 0x0000022990938710 5209       1       java.lang.invoke.LambdaFormEditor::getInCache (165 bytes)
Event: 56.225 Thread 0x0000022990938710 nmethod 5209 0x0000022989832c90 code [0x0000022989832e80, 0x0000022989833368]
Event: 56.261 Thread 0x0000022990938710 5211   !   1       java.lang.invoke.LambdaForm::lambdaName (49 bytes)
Event: 56.261 Thread 0x0000022990938710 nmethod 5211 0x0000022989832690 code [0x0000022989832820, 0x00000229898328f8]
Event: 56.261 Thread 0x0000022990938710 5212       1       java.lang.invoke.InvokerBytecodeGenerator::<init> (126 bytes)
Event: 56.262 Thread 0x0000022990938710 nmethod 5212 0x0000022989831490 code [0x00000229898316c0, 0x0000022989832048]
Event: 56.262 Thread 0x0000022990938710 5213       1       java.lang.invoke.InvokerBytecodeGenerator::generateCustomizedCodeBytes (44 bytes)
Event: 56.263 Thread 0x0000022990938710 nmethod 5213 0x0000022989830f10 code [0x00000229898310e0, 0x00000229898312d8]
Event: 56.263 Thread 0x0000022990938710 5214       1       java.lang.invoke.InvokerBytecodeGenerator::classFilePrologue (61 bytes)
Event: 56.264 Thread 0x0000022990938710 nmethod 5214 0x0000022989830690 code [0x00000229898308a0, 0x0000022989830d38]
Event: 56.264 Thread 0x0000022990938710 5215       1       jdk.internal.org.objectweb.asm.ClassWriter::visitSource (39 bytes)
Event: 56.264 Thread 0x0000022990938710 nmethod 5215 0x0000022989830090 code [0x0000022989830240, 0x0000022989830538]
Event: 56.264 Thread 0x0000022990938710 5216       1       java.lang.invoke.InvokerBytecodeGenerator::emitReturn (107 bytes)
Event: 56.265 Thread 0x0000022990938710 nmethod 5216 0x000002298982f990 code [0x000002298982fb80, 0x000002298982fe28]
Event: 56.265 Thread 0x0000022990938710 5217       1       java.lang.invoke.MethodHandleNatives::classData (17 bytes)
Event: 56.265 Thread 0x0000022990938710 nmethod 5217 0x000002298982f590 code [0x000002298982f740, 0x000002298982f8b8]
Event: 56.548 Thread 0x0000022990938710 5219       1       java.util.logging.LogManager::getProperty (9 bytes)
Event: 56.548 Thread 0x0000022990938710 nmethod 5219 0x000002298982f290 code [0x000002298982f420, 0x000002298982f508]
Event: 76.726 Thread 0x0000022990938710 5220       1       java.util.concurrent.ThreadPoolExecutor::runStateAtLeast (11 bytes)
Event: 76.726 Thread 0x0000022990938710 nmethod 5220 0x000002298982ef90 code [0x000002298982f120, 0x000002298982f1d8]

GC Heap History (20 events):
Event: 5.465 GC heap after
{Heap after GC invocations=7 (full 0):
 garbage-first heap   total 71680K, used 24658K [0x00000000c0000000, 0x0000000100000000)
  region size 1024K, 3 young (3072K), 3 survivors (3072K)
 Metaspace       used 31899K, committed 32256K, reserved 1114112K
  class space    used 4047K, committed 4224K, reserved 1048576K
}
Event: 6.204 GC heap before
{Heap before GC invocations=7 (full 0):
 garbage-first heap   total 71680K, used 49234K [0x00000000c0000000, 0x0000000100000000)
  region size 1024K, 28 young (28672K), 3 survivors (3072K)
 Metaspace       used 35819K, committed 36224K, reserved 1114112K
  class space    used 4616K, committed 4800K, reserved 1048576K
}
Event: 6.210 GC heap after
{Heap after GC invocations=8 (full 0):
 garbage-first heap   total 71680K, used 26662K [0x00000000c0000000, 0x0000000100000000)
  region size 1024K, 3 young (3072K), 3 survivors (3072K)
 Metaspace       used 35819K, committed 36224K, reserved 1114112K
  class space    used 4616K, committed 4800K, reserved 1048576K
}
Event: 6.251 GC heap before
{Heap before GC invocations=8 (full 0):
 garbage-first heap   total 71680K, used 26662K [0x00000000c0000000, 0x0000000100000000)
  region size 1024K, 4 young (4096K), 3 survivors (3072K)
 Metaspace       used 36042K, committed 36416K, reserved 1114112K
  class space    used 4651K, committed 4864K, reserved 1048576K
}
Event: 6.255 GC heap after
{Heap after GC invocations=9 (full 0):
 garbage-first heap   total 71680K, used 27226K [0x00000000c0000000, 0x0000000100000000)
  region size 1024K, 1 young (1024K), 1 survivors (1024K)
 Metaspace       used 36042K, committed 36416K, reserved 1114112K
  class space    used 4651K, committed 4864K, reserved 1048576K
}
Event: 11.223 GC heap before
{Heap before GC invocations=10 (full 0):
 garbage-first heap   total 71680K, used 50778K [0x00000000c0000000, 0x0000000100000000)
  region size 1024K, 25 young (25600K), 1 survivors (1024K)
 Metaspace       used 39560K, committed 40000K, reserved 1114112K
  class space    used 5219K, committed 5440K, reserved 1048576K
}
Event: 11.227 GC heap after
{Heap after GC invocations=11 (full 0):
 garbage-first heap   total 71680K, used 28770K [0x00000000c0000000, 0x0000000100000000)
  region size 1024K, 2 young (2048K), 2 survivors (2048K)
 Metaspace       used 39560K, committed 40000K, reserved 1114112K
  class space    used 5219K, committed 5440K, reserved 1048576K
}
Event: 11.699 GC heap before
{Heap before GC invocations=11 (full 0):
 garbage-first heap   total 71680K, used 53346K [0x00000000c0000000, 0x0000000100000000)
  region size 1024K, 26 young (26624K), 2 survivors (2048K)
 Metaspace       used 43871K, committed 44416K, reserved 1114112K
  class space    used 5503K, committed 5760K, reserved 1048576K
}
Event: 11.704 GC heap after
{Heap after GC invocations=12 (full 0):
 garbage-first heap   total 71680K, used 30782K [0x00000000c0000000, 0x0000000100000000)
  region size 1024K, 4 young (4096K), 4 survivors (4096K)
 Metaspace       used 43871K, committed 44416K, reserved 1114112K
  class space    used 5503K, committed 5760K, reserved 1048576K
}
Event: 12.133 GC heap before
{Heap before GC invocations=12 (full 0):
 garbage-first heap   total 71680K, used 53310K [0x00000000c0000000, 0x0000000100000000)
  region size 1024K, 27 young (27648K), 4 survivors (4096K)
 Metaspace       used 47637K, committed 48064K, reserved 1114112K
  class space    used 5887K, committed 6080K, reserved 1048576K
}
Event: 12.139 GC heap after
{Heap after GC invocations=13 (full 0):
 garbage-first heap   total 71680K, used 36104K [0x00000000c0000000, 0x0000000100000000)
  region size 1024K, 4 young (4096K), 4 survivors (4096K)
 Metaspace       used 47637K, committed 48064K, reserved 1114112K
  class space    used 5887K, committed 6080K, reserved 1048576K
}
Event: 12.609 GC heap before
{Heap before GC invocations=13 (full 0):
 garbage-first heap   total 71680K, used 52488K [0x00000000c0000000, 0x0000000100000000)
  region size 1024K, 21 young (21504K), 4 survivors (4096K)
 Metaspace       used 52672K, committed 53120K, reserved 1114112K
  class space    used 6521K, committed 6720K, reserved 1048576K
}
Event: 12.616 GC heap after
{Heap after GC invocations=14 (full 0):
 garbage-first heap   total 71680K, used 38006K [0x00000000c0000000, 0x0000000100000000)
  region size 1024K, 2 young (2048K), 2 survivors (2048K)
 Metaspace       used 52672K, committed 53120K, reserved 1114112K
  class space    used 6521K, committed 6720K, reserved 1048576K
}
Event: 13.328 GC heap before
{Heap before GC invocations=15 (full 0):
 garbage-first heap   total 73728K, used 53366K [0x00000000c0000000, 0x0000000100000000)
  region size 1024K, 18 young (18432K), 2 survivors (2048K)
 Metaspace       used 55497K, committed 56000K, reserved 1114112K
  class space    used 6840K, committed 7040K, reserved 1048576K
}
Event: 13.333 GC heap after
{Heap after GC invocations=16 (full 0):
 garbage-first heap   total 73728K, used 39066K [0x00000000c0000000, 0x0000000100000000)
  region size 1024K, 3 young (3072K), 3 survivors (3072K)
 Metaspace       used 55497K, committed 56000K, reserved 1114112K
  class space    used 6840K, committed 7040K, reserved 1048576K
}
Event: 56.549 GC heap before
{Heap before GC invocations=16 (full 0):
 garbage-first heap   total 73728K, used 52378K [0x00000000c0000000, 0x0000000100000000)
  region size 1024K, 18 young (18432K), 3 survivors (3072K)
 Metaspace       used 57261K, committed 57792K, reserved 1114112K
  class space    used 7073K, committed 7296K, reserved 1048576K
}
Event: 56.594 GC heap after
{Heap after GC invocations=17 (full 1):
 garbage-first heap   total 73728K, used 35601K [0x00000000c0000000, 0x0000000100000000)
  region size 1024K, 0 young (0K), 0 survivors (0K)
 Metaspace       used 57261K, committed 57792K, reserved 1114112K
  class space    used 7073K, committed 7296K, reserved 1048576K
}
Event: 66.683 GC heap before
{Heap before GC invocations=17 (full 1):
 garbage-first heap   total 73728K, used 35601K [0x00000000c0000000, 0x0000000100000000)
  region size 1024K, 1 young (1024K), 0 survivors (0K)
 Metaspace       used 57262K, committed 57792K, reserved 1114112K
  class space    used 7073K, committed 7296K, reserved 1048576K
}
Event: 66.724 GC heap after
{Heap after GC invocations=18 (full 2):
 garbage-first heap   total 73728K, used 28387K [0x00000000c0000000, 0x0000000100000000)
  region size 1024K, 0 young (0K), 0 survivors (0K)
 Metaspace       used 57027K, committed 57792K, reserved 1114112K
  class space    used 7019K, committed 7296K, reserved 1048576K
}
Event: 76.877 GC heap before
{Heap before GC invocations=18 (full 2):
 garbage-first heap   total 73728K, used 28387K [0x00000000c0000000, 0x0000000100000000)
  region size 1024K, 1 young (1024K), 0 survivors (0K)
 Metaspace       used 57028K, committed 57792K, reserved 1114112K
  class space    used 7019K, committed 7296K, reserved 1048576K
}

Dll operation events (9 events):
Event: 0.024 Loaded shared library c:\Users\11725231\.vscode\extensions\redhat.java-1.26.0-win32-x64\jre\17.0.9-win32-x86_64\bin\java.dll
Event: 0.624 Loaded shared library C:\Users\11725231\.vscode\extensions\redhat.java-1.26.0-win32-x64\jre\17.0.9-win32-x86_64\bin\net.dll
Event: 0.626 Loaded shared library C:\Users\11725231\.vscode\extensions\redhat.java-1.26.0-win32-x64\jre\17.0.9-win32-x86_64\bin\nio.dll
Event: 0.635 Loaded shared library C:\Users\11725231\.vscode\extensions\redhat.java-1.26.0-win32-x64\jre\17.0.9-win32-x86_64\bin\zip.dll
Event: 1.332 Loaded shared library C:\Users\11725231\.vscode\extensions\redhat.java-1.26.0-win32-x64\jre\17.0.9-win32-x86_64\bin\jimage.dll
Event: 5.672 Loaded shared library c:\Users\11725231\.vscode\extensions\redhat.java-1.26.0-win32-x64\jre\17.0.9-win32-x86_64\bin\verify.dll
Event: 6.245 Loaded shared library C:\Users\11725231\.vscode\extensions\redhat.java-1.26.0-win32-x64\jre\17.0.9-win32-x86_64\bin\management.dll
Event: 6.249 Loaded shared library C:\Users\11725231\.vscode\extensions\redhat.java-1.26.0-win32-x64\jre\17.0.9-win32-x86_64\bin\management_ext.dll
Event: 11.772 Loaded shared library C:\Users\11725231\.vscode\extensions\redhat.java-1.26.0-win32-x64\jre\17.0.9-win32-x86_64\bin\sunmscapi.dll

Deoptimization events (14 events):
Event: 4.153 Thread 0x000002298638c370 DEOPT PACKING pc=0x00000229895aa119 sp=0x000000ee855fd770
Event: 4.153 Thread 0x000002298638c370 DEOPT UNPACKING pc=0x0000022989077143 sp=0x000000ee855fcc50 mode 3
Event: 4.673 Thread 0x000002298638c370 DEOPT PACKING pc=0x0000022989620355 sp=0x000000ee855fedb0
Event: 4.673 Thread 0x000002298638c370 DEOPT UNPACKING pc=0x0000022989077143 sp=0x000000ee855fe258 mode 3
Event: 6.658 Thread 0x0000022996397500 DEOPT PACKING pc=0x00000229897b1d35 sp=0x000000ee871fe6c0
Event: 6.658 Thread 0x0000022996397500 DEOPT UNPACKING pc=0x0000022989077143 sp=0x000000ee871fdbd8 mode 3
Event: 10.573 Thread 0x00000229957f5840 DEOPT PACKING pc=0x000002298954ed81 sp=0x000000ee86ffdd30
Event: 10.573 Thread 0x00000229957f5840 DEOPT UNPACKING pc=0x0000022989077143 sp=0x000000ee86ffd1c0 mode 3
Event: 10.691 Thread 0x0000022996397020 DEOPT PACKING pc=0x0000022989532717 sp=0x000000ee870fee70
Event: 10.691 Thread 0x0000022996397020 DEOPT UNPACKING pc=0x0000022989077143 sp=0x000000ee870fe2c8 mode 3
Event: 11.923 Thread 0x00000229963a0f30 DEOPT PACKING pc=0x0000022989200e0c sp=0x000000ee878faff0
Event: 11.923 Thread 0x00000229963a0f30 DEOPT UNPACKING pc=0x0000022989077143 sp=0x000000ee878fa4b8 mode 0
Event: 13.868 Thread 0x00000229963a1e60 DEOPT PACKING pc=0x0000022989a3b5ee sp=0x000000ee875fe2a0
Event: 13.868 Thread 0x00000229963a1e60 DEOPT UNPACKING pc=0x0000022989077143 sp=0x000000ee875fd798 mode 3

Classes unloaded (20 events):
Event: 66.700 Thread 0x00000229908eb640 Unloading class 0x00000001000d4800 'java/lang/invoke/LambdaForm$MH+0x00000001000d4800'
Event: 66.700 Thread 0x00000229908eb640 Unloading class 0x00000001000d4400 'java/lang/invoke/LambdaForm$MH+0x00000001000d4400'
Event: 66.700 Thread 0x00000229908eb640 Unloading class 0x00000001000ce800 'java/lang/invoke/LambdaForm$MH+0x00000001000ce800'
Event: 66.700 Thread 0x00000229908eb640 Unloading class 0x00000001000ce400 'java/lang/invoke/LambdaForm$MH+0x00000001000ce400'
Event: 66.700 Thread 0x00000229908eb640 Unloading class 0x00000001000ce000 'java/lang/invoke/LambdaForm$MH+0x00000001000ce000'
Event: 66.700 Thread 0x00000229908eb640 Unloading class 0x00000001000cdc00 'java/lang/invoke/LambdaForm$MH+0x00000001000cdc00'
Event: 66.700 Thread 0x00000229908eb640 Unloading class 0x00000001000cd800 'java/lang/invoke/LambdaForm$MH+0x00000001000cd800'
Event: 66.700 Thread 0x00000229908eb640 Unloading class 0x00000001000cd400 'java/lang/invoke/LambdaForm$MH+0x00000001000cd400'
Event: 66.700 Thread 0x00000229908eb640 Unloading class 0x00000001000ccc00 'java/lang/invoke/LambdaForm$MH+0x00000001000ccc00'
Event: 66.700 Thread 0x00000229908eb640 Unloading class 0x00000001000cc800 'java/lang/invoke/LambdaForm$MH+0x00000001000cc800'
Event: 66.700 Thread 0x00000229908eb640 Unloading class 0x00000001000cc000 'java/lang/invoke/LambdaForm$MH+0x00000001000cc000'
Event: 66.700 Thread 0x00000229908eb640 Unloading class 0x00000001000cbc00 'java/lang/invoke/LambdaForm$MH+0x00000001000cbc00'
Event: 66.700 Thread 0x00000229908eb640 Unloading class 0x00000001000cac00 'java/lang/invoke/LambdaForm$MH+0x00000001000cac00'
Event: 66.700 Thread 0x00000229908eb640 Unloading class 0x00000001000ca400 'java/lang/invoke/LambdaForm$MH+0x00000001000ca400'
Event: 66.700 Thread 0x00000229908eb640 Unloading class 0x00000001000ca000 'java/lang/invoke/LambdaForm$MH+0x00000001000ca000'
Event: 66.700 Thread 0x00000229908eb640 Unloading class 0x00000001000c9c00 'java/lang/invoke/LambdaForm$MH+0x00000001000c9c00'
Event: 66.700 Thread 0x00000229908eb640 Unloading class 0x00000001000c9800 'java/lang/invoke/LambdaForm$MH+0x00000001000c9800'
Event: 66.700 Thread 0x00000229908eb640 Unloading class 0x00000001000c9400 'java/lang/invoke/LambdaForm$MH+0x00000001000c9400'
Event: 66.700 Thread 0x00000229908eb640 Unloading class 0x00000001000c8c00 'java/lang/invoke/LambdaForm$MH+0x00000001000c8c00'
Event: 66.700 Thread 0x00000229908eb640 Unloading class 0x00000001000c8400 'java/lang/invoke/LambdaForm$MH+0x00000001000c8400'

Classes redefined (0 events):
No events

Internal exceptions (20 events):
Event: 11.623 Thread 0x00000229963a0f30 Exception <a 'java/lang/NoSuchMethodError'{0x00000000c332df20}: 'java.lang.Object java.lang.invoke.DirectMethodHandle$Holder.invokeStatic(java.lang.Object, java.lang.Object, int, java.lang.Object)'> (0x00000000c332df20) 
thrown [s\src\hotspot\share\interpreter\linkResolver.cpp, line 759]
Event: 11.632 Thread 0x00000229963a0f30 Exception <a 'java/lang/NoSuchMethodError'{0x00000000c3334300}: 'java.lang.Object java.lang.invoke.DirectMethodHandle$Holder.newInvokeSpecial(java.lang.Object, java.lang.Object, int)'> (0x00000000c3334300) 
thrown [s\src\hotspot\share\interpreter\linkResolver.cpp, line 759]
Event: 11.918 Thread 0x00000229963a0f30 Exception <a 'sun/nio/fs/WindowsException'{0x00000000c3953b10}> (0x00000000c3953b10) 
thrown [s\src\hotspot\share\prims\jni.cpp, line 516]
Event: 12.555 Thread 0x00000229963a1e60 Exception <a 'java/lang/IncompatibleClassChangeError'{0x00000000c399e0f8}: Found class java.lang.Object, but interface was expected> (0x00000000c399e0f8) 
thrown [s\src\hotspot\share\interpreter\linkResolver.cpp, line 826]
Event: 12.755 Thread 0x00000229963a1e60 Exception <a 'java/lang/NoSuchMethodError'{0x00000000c5540a60}: 'int java.lang.invoke.DirectMethodHandle$Holder.invokeSpecialIFC(java.lang.Object, java.lang.Object, java.lang.Object)'> (0x00000000c5540a60) 
thrown [s\src\hotspot\share\interpreter\linkResolver.cpp, line 759]
Event: 13.868 Thread 0x00000229963a1e60 Implicit null exception at 0x0000022989a3b3c4 to 0x0000022989a3b5e9
Event: 13.970 Thread 0x00000229963a1e60 Exception <a 'sun/nio/fs/WindowsException'{0x00000000c3bf8728}> (0x00000000c3bf8728) 
thrown [s\src\hotspot\share\prims\jni.cpp, line 516]
Event: 13.971 Thread 0x00000229963a1e60 Exception <a 'sun/nio/fs/WindowsException'{0x00000000c3bf9348}> (0x00000000c3bf9348) 
thrown [s\src\hotspot\share\prims\jni.cpp, line 516]
Event: 13.971 Thread 0x00000229963a1e60 Exception <a 'sun/nio/fs/WindowsException'{0x00000000c3bf9f28}> (0x00000000c3bf9f28) 
thrown [s\src\hotspot\share\prims\jni.cpp, line 516]
Event: 13.971 Thread 0x00000229963a1e60 Exception <a 'sun/nio/fs/WindowsException'{0x00000000c3bfab48}> (0x00000000c3bfab48) 
thrown [s\src\hotspot\share\prims\jni.cpp, line 516]
Event: 13.972 Thread 0x00000229963a1e60 Exception <a 'sun/nio/fs/WindowsException'{0x00000000c3bfb830}> (0x00000000c3bfb830) 
thrown [s\src\hotspot\share\prims\jni.cpp, line 516]
Event: 13.972 Thread 0x00000229963a1e60 Exception <a 'sun/nio/fs/WindowsException'{0x00000000c3bfc5b8}> (0x00000000c3bfc5b8) 
thrown [s\src\hotspot\share\prims\jni.cpp, line 516]
Event: 13.973 Thread 0x00000229963a1e60 Exception <a 'sun/nio/fs/WindowsException'{0x00000000c3a03978}> (0x00000000c3a03978) 
thrown [s\src\hotspot\share\prims\jni.cpp, line 516]
Event: 13.973 Thread 0x00000229963a1e60 Exception <a 'sun/nio/fs/WindowsException'{0x00000000c3a04598}> (0x00000000c3a04598) 
thrown [s\src\hotspot\share\prims\jni.cpp, line 516]
Event: 13.973 Thread 0x00000229963a1e60 Exception <a 'sun/nio/fs/WindowsException'{0x00000000c3a05178}> (0x00000000c3a05178) 
thrown [s\src\hotspot\share\prims\jni.cpp, line 516]
Event: 13.974 Thread 0x00000229963a1e60 Exception <a 'sun/nio/fs/WindowsException'{0x00000000c3a05d98}> (0x00000000c3a05d98) 
thrown [s\src\hotspot\share\prims\jni.cpp, line 516]
Event: 13.974 Thread 0x00000229963a1e60 Exception <a 'sun/nio/fs/WindowsException'{0x00000000c3a06a80}> (0x00000000c3a06a80) 
thrown [s\src\hotspot\share\prims\jni.cpp, line 516]
Event: 13.974 Thread 0x00000229963a1e60 Exception <a 'sun/nio/fs/WindowsException'{0x00000000c3a07808}> (0x00000000c3a07808) 
thrown [s\src\hotspot\share\prims\jni.cpp, line 516]
Event: 56.261 Thread 0x0000022990bd6190 Exception <a 'java/lang/NoSuchMethodError'{0x00000000c39af6c8}: 'void java.lang.invoke.DirectMethodHandle$Holder.invokeStatic(java.lang.Object, long)'> (0x00000000c39af6c8) 
thrown [s\src\hotspot\share\interpreter\linkResolver.cpp, line 759]
Event: 56.261 Thread 0x0000022990bd6190 Exception <a 'java/lang/NoSuchMethodError'{0x00000000c39b4a70}: 'java.lang.Object java.lang.invoke.DirectMethodHandle$Holder.newInvokeSpecial(java.lang.Object, long)'> (0x00000000c39b4a70) 
thrown [s\src\hotspot\share\interpreter\linkResolver.cpp, line 759]

VM Operations (20 events):
Event: 13.932 Executing VM operation: HandshakeAllThreads done
Event: 13.969 Executing VM operation: ICBufferFull
Event: 13.969 Executing VM operation: ICBufferFull done
Event: 15.969 Executing VM operation: Cleanup
Event: 15.969 Executing VM operation: Cleanup done
Event: 16.970 Executing VM operation: Cleanup
Event: 16.970 Executing VM operation: Cleanup done
Event: 18.971 Executing VM operation: Cleanup
Event: 18.971 Executing VM operation: Cleanup done
Event: 20.971 Executing VM operation: Cleanup
Event: 20.971 Executing VM operation: Cleanup done
Event: 56.263 Executing VM operation: HandshakeAllThreads
Event: 56.263 Executing VM operation: HandshakeAllThreads done
Event: 56.549 Executing VM operation: G1CollectFull
Event: 56.594 Executing VM operation: G1CollectFull done
Event: 60.246 Executing VM operation: HandshakeAllThreads
Event: 60.246 Executing VM operation: HandshakeAllThreads done
Event: 66.683 Executing VM operation: G1CollectFull
Event: 66.724 Executing VM operation: G1CollectFull done
Event: 76.877 Executing VM operation: G1CollectFull

Events (20 events):
Event: 25.041 Thread 0x00000229963b8990 Thread exited: 0x00000229963b8990
Event: 26.117 Thread 0x00000229963a0f30 Thread exited: 0x00000229963a0f30
Event: 56.227 loading class java/lang/ProcessBuilder
Event: 56.228 loading class java/lang/ProcessBuilder done
Event: 56.228 loading class java/lang/ProcessImpl
Event: 56.228 loading class java/lang/ProcessImpl done
Event: 56.262 loading class java/lang/ProcessImpl$2
Event: 56.262 loading class java/lang/ProcessImpl$2 done
Event: 56.262 loading class java/lang/Process$PipeInputStream
Event: 56.262 loading class java/lang/Process$PipeInputStream done
Event: 56.265 loading class jdk/internal/event/ProcessStartEvent
Event: 56.265 loading class jdk/internal/event/ProcessStartEvent done
Event: 56.594 loading class java/io/RandomAccessFile$1
Event: 56.595 loading class java/io/RandomAccessFile$1 done
Event: 66.669 Thread 0x0000022996397500 Thread exited: 0x0000022996397500
Event: 69.726 Thread 0x00000229963979e0 Thread exited: 0x00000229963979e0
Event: 69.726 Thread 0x00000229960565f0 Thread exited: 0x00000229960565f0
Event: 71.496 Thread 0x00000229963a41d0 Thread exited: 0x00000229963a41d0
Event: 73.619 Thread 0x00000229963a3cc0 Thread exited: 0x00000229963a3cc0
Event: 73.940 Thread 0x00000229963a37b0 Thread exited: 0x00000229963a37b0


Dynamic libraries:
0x00007ff6fa2c0000 - 0x00007ff6fa2ce000 	c:\Users\11725231\.vscode\extensions\redhat.java-1.26.0-win32-x64\jre\17.0.9-win32-x86_64\bin\java.exe
0x00007ff928870000 - 0x00007ff928a68000 	C:\WINDOWS\SYSTEM32\ntdll.dll
0x00007ff928290000 - 0x00007ff92834d000 	C:\WINDOWS\System32\KERNEL32.DLL
0x00007ff9265c0000 - 0x00007ff9268b6000 	C:\WINDOWS\System32\KERNELBASE.dll
0x00007ff9260a0000 - 0x00007ff9261a0000 	C:\WINDOWS\System32\ucrtbase.dll
0x00007ff921860000 - 0x00007ff921877000 	c:\Users\11725231\.vscode\extensions\redhat.java-1.26.0-win32-x64\jre\17.0.9-win32-x86_64\bin\jli.dll
0x00007ff927080000 - 0x00007ff92721e000 	C:\WINDOWS\System32\USER32.dll
0x00007ff926500000 - 0x00007ff926522000 	C:\WINDOWS\System32\win32u.dll
0x00007ff928130000 - 0x00007ff92815c000 	C:\WINDOWS\System32\GDI32.dll
0x00007ff926320000 - 0x00007ff92643a000 	C:\WINDOWS\System32\gdi32full.dll
0x00007ff926280000 - 0x00007ff92631d000 	C:\WINDOWS\System32\msvcp_win.dll
0x00007ff921830000 - 0x00007ff92184b000 	c:\Users\11725231\.vscode\extensions\redhat.java-1.26.0-win32-x64\jre\17.0.9-win32-x86_64\bin\VCRUNTIME140.dll
0x00007ff91cd00000 - 0x00007ff91cf9a000 	C:\WINDOWS\WinSxS\amd64_microsoft.windows.common-controls_6595b64144ccf1df_6.0.19041.3636_none_60b6a03d71f818d5\COMCTL32.dll
0x00007ff927770000 - 0x00007ff92780e000 	C:\WINDOWS\System32\msvcrt.dll
0x00007ff927220000 - 0x00007ff927250000 	C:\WINDOWS\System32\IMM32.DLL
0x00007ff9236e0000 - 0x00007ff9236ec000 	c:\Users\11725231\.vscode\extensions\redhat.java-1.26.0-win32-x64\jre\17.0.9-win32-x86_64\bin\vcruntime140_1.dll
0x00007ff90f520000 - 0x00007ff90f5ad000 	c:\Users\11725231\.vscode\extensions\redhat.java-1.26.0-win32-x64\jre\17.0.9-win32-x86_64\bin\msvcp140.dll
0x00007ff8d57a0000 - 0x00007ff8d6401000 	c:\Users\11725231\.vscode\extensions\redhat.java-1.26.0-win32-x64\jre\17.0.9-win32-x86_64\bin\server\jvm.dll
0x00007ff926fc0000 - 0x00007ff927073000 	C:\WINDOWS\System32\ADVAPI32.dll
0x00007ff9273d0000 - 0x00007ff92746f000 	C:\WINDOWS\System32\sechost.dll
0x00007ff9274f0000 - 0x00007ff927616000 	C:\WINDOWS\System32\RPCRT4.dll
0x00007ff926250000 - 0x00007ff926277000 	C:\WINDOWS\System32\bcrypt.dll
0x00007ff925da0000 - 0x00007ff925deb000 	C:\WINDOWS\SYSTEM32\POWRPROF.dll
0x00007ff9236c0000 - 0x00007ff9236c9000 	C:\WINDOWS\SYSTEM32\WSOCK32.dll
0x00007ff9287c0000 - 0x00007ff92882b000 	C:\WINDOWS\System32\WS2_32.dll
0x00007ff90fff0000 - 0x00007ff910017000 	C:\WINDOWS\SYSTEM32\WINMM.dll
0x00007ff91a5c0000 - 0x00007ff91a5ca000 	C:\WINDOWS\SYSTEM32\VERSION.dll
0x00007ff925d80000 - 0x00007ff925d92000 	C:\WINDOWS\SYSTEM32\UMPDC.dll
0x00007ff923b20000 - 0x00007ff923b32000 	C:\WINDOWS\SYSTEM32\kernel.appcore.dll
0x00007ff9194a0000 - 0x00007ff9194aa000 	c:\Users\11725231\.vscode\extensions\redhat.java-1.26.0-win32-x64\jre\17.0.9-win32-x86_64\bin\jimage.dll
0x00007ff91a3d0000 - 0x00007ff91a5b4000 	C:\WINDOWS\SYSTEM32\DBGHELP.DLL
0x00007ff919e80000 - 0x00007ff919eb4000 	C:\WINDOWS\SYSTEM32\dbgcore.DLL
0x00007ff926530000 - 0x00007ff9265b2000 	C:\WINDOWS\System32\bcryptPrimitives.dll
0x00007ff912210000 - 0x00007ff912235000 	c:\Users\11725231\.vscode\extensions\redhat.java-1.26.0-win32-x64\jre\17.0.9-win32-x86_64\bin\java.dll
0x00007ff919470000 - 0x00007ff919488000 	c:\Users\11725231\.vscode\extensions\redhat.java-1.26.0-win32-x64\jre\17.0.9-win32-x86_64\bin\zip.dll
0x00007ff927930000 - 0x00007ff928075000 	C:\WINDOWS\System32\SHELL32.dll
0x00007ff923e30000 - 0x00007ff9245cb000 	C:\WINDOWS\SYSTEM32\windows.storage.dll
0x00007ff926bd0000 - 0x00007ff926f24000 	C:\WINDOWS\System32\combase.dll
0x00007ff9258a0000 - 0x00007ff9258cd000 	C:\WINDOWS\SYSTEM32\Wldp.dll
0x00007ff927250000 - 0x00007ff9272fd000 	C:\WINDOWS\System32\SHCORE.dll
0x00007ff926960000 - 0x00007ff9269b5000 	C:\WINDOWS\System32\shlwapi.dll
0x00007ff925e70000 - 0x00007ff925e95000 	C:\WINDOWS\SYSTEM32\profapi.dll
0x00007ff918aa0000 - 0x00007ff918ab9000 	C:\Users\11725231\.vscode\extensions\redhat.java-1.26.0-win32-x64\jre\17.0.9-win32-x86_64\bin\net.dll
0x00007ff91fd10000 - 0x00007ff91fe1a000 	C:\WINDOWS\SYSTEM32\WINHTTP.dll
0x00007ff925600000 - 0x00007ff92566a000 	C:\WINDOWS\system32\mswsock.dll
0x00007ff9121f0000 - 0x00007ff912206000 	C:\Users\11725231\.vscode\extensions\redhat.java-1.26.0-win32-x64\jre\17.0.9-win32-x86_64\bin\nio.dll
0x00007ff9257f0000 - 0x00007ff925808000 	C:\WINDOWS\SYSTEM32\CRYPTSP.dll
0x00007ff924f30000 - 0x00007ff924f64000 	C:\WINDOWS\system32\rsaenh.dll
0x00007ff925e30000 - 0x00007ff925e5e000 	C:\WINDOWS\SYSTEM32\USERENV.dll
0x00007ff925810000 - 0x00007ff92581c000 	C:\WINDOWS\SYSTEM32\CRYPTBASE.dll
0x00007ff9252f0000 - 0x00007ff92532b000 	C:\WINDOWS\SYSTEM32\IPHLPAPI.DLL
0x00007ff927680000 - 0x00007ff927688000 	C:\WINDOWS\System32\NSI.dll
0x00007ff9207d0000 - 0x00007ff9207e7000 	C:\WINDOWS\SYSTEM32\dhcpcsvc6.DLL
0x00007ff9207b0000 - 0x00007ff9207cd000 	C:\WINDOWS\SYSTEM32\dhcpcsvc.DLL
0x00007ff925330000 - 0x00007ff9253fa000 	C:\WINDOWS\SYSTEM32\DNSAPI.dll
0x00007ff914330000 - 0x00007ff914340000 	c:\Users\11725231\.vscode\extensions\redhat.java-1.26.0-win32-x64\jre\17.0.9-win32-x86_64\bin\verify.dll
0x00007ff911760000 - 0x00007ff911769000 	C:\Users\11725231\.vscode\extensions\redhat.java-1.26.0-win32-x64\jre\17.0.9-win32-x86_64\bin\management.dll
0x00007ff911640000 - 0x00007ff91164b000 	C:\Users\11725231\.vscode\extensions\redhat.java-1.26.0-win32-x64\jre\17.0.9-win32-x86_64\bin\management_ext.dll
0x00007ff926f30000 - 0x00007ff926f38000 	C:\WINDOWS\System32\PSAPI.DLL
0x00007ff911630000 - 0x00007ff91163e000 	C:\Users\11725231\.vscode\extensions\redhat.java-1.26.0-win32-x64\jre\17.0.9-win32-x86_64\bin\sunmscapi.dll
0x00007ff925f40000 - 0x00007ff92609d000 	C:\WINDOWS\System32\CRYPT32.dll
0x00007ff925910000 - 0x00007ff925938000 	C:\WINDOWS\SYSTEM32\ncrypt.dll
0x00007ff9258d0000 - 0x00007ff92590b000 	C:\WINDOWS\SYSTEM32\NTASN1.dll
0x00007ff91f540000 - 0x00007ff91f54a000 	C:\Windows\System32\rasadhlp.dll
0x00007ff920d20000 - 0x00007ff920da0000 	C:\WINDOWS\System32\fwpuclnt.dll

dbghelp: loaded successfully - version: 4.0.5 - missing functions: none
symbol engine: initialized successfully - sym options: 0x614 - pdb path: .;c:\Users\11725231\.vscode\extensions\redhat.java-1.26.0-win32-x64\jre\17.0.9-win32-x86_64\bin;C:\WINDOWS\SYSTEM32;C:\WINDOWS\WinSxS\amd64_microsoft.windows.common-controls_6595b64144ccf1df_6.0.19041.3636_none_60b6a03d71f818d5;c:\Users\11725231\.vscode\extensions\redhat.java-1.26.0-win32-x64\jre\17.0.9-win32-x86_64\bin\server

VM Arguments:
jvm_args: -XX:+HeapDumpOnOutOfMemoryError -Xmx1024m -Dsts.lsp.client=vscode -Dsts.log.file=/dev/null -XX:TieredStopAtLevel=1 -Xlog:jni+resolve=off -Dspring.config.location=file:c:\Users\11725231\.vscode\extensions\vmware.vscode-spring-boot-1.51.0\language-server\BOOT-INF\classes\application.properties 
java_command: org.springframework.ide.vscode.boot.app.BootLanguageServerBootApp
java_class_path (initial): c:\Users\11725231\.vscode\extensions\vmware.vscode-spring-boot-1.51.0\language-server\BOOT-INF\classes;c:\Users\11725231\.vscode\extensions\vmware.vscode-spring-boot-1.51.0\language-server\BOOT-INF\lib\annotations-24.1.0.jar;c:\Users\11725231\.vscode\extensions\vmware.vscode-spring-boot-1.51.0\language-server\BOOT-INF\lib\antlr-runtime-3.5.3.jar;c:\Users\11725231\.vscode\extensions\vmware.vscode-spring-boot-1.51.0\language-server\BOOT-INF\lib\antlr4-4.11.1.jar;c:\Users\11725231\.vscode\extensions\vmware.vscode-spring-boot-1.51.0\language-server\BOOT-INF\lib\antlr4-runtime-4.11.1.jar;c:\Users\11725231\.vscode\extensions\vmware.vscode-spring-boot-1.51.0\language-server\BOOT-INF\lib\asm-9.6.jar;c:\Users\11725231\.vscode\extensions\vmware.vscode-spring-boot-1.51.0\language-server\BOOT-INF\lib\asm-analysis-9.6.jar;c:\Users\11725231\.vscode\extensions\vmware.vscode-spring-boot-1.51.0\language-server\BOOT-INF\lib\asm-tree-9.6.jar;c:\Users\11725231\.vscode\extensions\vmware.vscode-spring-boot-1.51.0\language-server\BOOT-INF\lib\asm-util-9.6.jar;c:\Users\11725231\.vscode\extensions\vmware.vscode-spring-boot-1.51.0\language-server\BOOT-INF\lib\bosh-language-server-1.51.0-SNAPSHOT.jar;c:\Users\11725231\.vscode\extensions\vmware.vscode-spring-boot-1.51.0\language-server\BOOT-INF\lib\caffeine-3.1.8.jar;c:\Users\11725231\.vscode\extensions\vmware.vscode-spring-boot-1.51.0\language-server\BOOT-INF\lib\checker-qual-3.12.0.jar;c:\Users\11725231\.vscode\extensions\vmware.vscode-spring-boot-1.51.0\language-server\BOOT-INF\lib\classgraph-4.8.149.jar;c:\Users\11725231\.vscode\extensions\vmware.vscode-spring-boot-1.51.0\language-server\BOOT-INF\lib\commons-codec-1.15.jar;c:\Users\11725231\.vscode\extensions\vmware.vscode-spring-boot-1.51.0\language-server\BOOT-INF\lib\commons-compress-1.25.0.jar;c:\Users\11725231\.vscode\extensions\vmware.vscode-spring-boot-1.51.0\language-server\BOOT-INF\lib\commons-io-2.4.jar;c:\Users\11725231\.vscode\extensions\vmware.vsco
Launcher Type: SUN_STANDARD

[Global flags]
     intx CICompilerCount                          = 3                                         {product} {ergonomic}
     uint ConcGCThreads                            = 1                                         {product} {ergonomic}
     uint G1ConcRefinementThreads                  = 4                                         {product} {ergonomic}
   size_t G1HeapRegionSize                         = 1048576                                   {product} {ergonomic}
    uintx GCDrainStackTargetSize                   = 64                                        {product} {ergonomic}
     bool HeapDumpOnOutOfMemoryError               = true                                   {manageable} {command line}
   size_t InitialHeapSize                          = 134217728                                 {product} {ergonomic}
   size_t MarkStackSize                            = 4194304                                   {product} {ergonomic}
   size_t MaxHeapSize                              = 1073741824                                {product} {command line}
   size_t MaxNewSize                               = 643825664                                 {product} {ergonomic}
   size_t MinHeapDeltaBytes                        = 1048576                                   {product} {ergonomic}
   size_t MinHeapSize                              = 8388608                                   {product} {ergonomic}
    uintx NonProfiledCodeHeapSize                  = 0                                      {pd product} {ergonomic}
     bool ProfileInterpreter                       = false                                  {pd product} {command line}
    uintx ProfiledCodeHeapSize                     = 0                                      {pd product} {ergonomic}
   size_t SoftMaxHeapSize                          = 1073741824                             {manageable} {ergonomic}
     intx TieredStopAtLevel                        = 1                                         {product} {command line}
     bool UseCompressedClassPointers               = true                           {product lp64_product} {ergonomic}
     bool UseCompressedOops                        = true                           {product lp64_product} {ergonomic}
     bool UseG1GC                                  = true                                      {product} {ergonomic}
     bool UseLargePagesIndividualAllocation        = false                                  {pd product} {ergonomic}

Logging:
Log output configuration:
 #0: stdout all=warning,jni+resolve=off uptime,level,tags
 #1: stderr all=off uptime,level,tags

Environment Variables:
JAVA_HOME=C:\Program Files\Java\jdk-17
PATH=C:\Program Files\Common Files\Oracle\Java\javapath;C:\Program Files (x86)\Common Files\Oracle\Java\javapath;C:\WINDOWS\system32;C:\WINDOWS;C:\WINDOWS\System32\Wbem;C:\WINDOWS\System32\WindowsPowerShell\v1.0\;C:\WINDOWS\System32\OpenSSH\;C:\Program Files\PuTTY\;C:\Program Files\Java\jdk-17\bin;C:\Program Files\PowerShell\7\;C:\Program Files\Maven\bin;C:\Users\11725231\AppData\Local\Microsoft\WindowsApps;C:\Users\11725231\AppData\Local\Programs\Microsoft VS Code\bin;C:\Users\11725231\AppData\Local\Programs\Git\cmd
USERNAME=11725231
OS=Windows_NT
PROCESSOR_IDENTIFIER=Intel64 Family 6 Model 60 Stepping 3, GenuineIntel
TMP=C:\Users\11725231\AppData\Local\Temp
TEMP=C:\Users\11725231\AppData\Local\Temp



Periodic native trim disabled


---------------  S Y S T E M  ---------------

OS:
 Windows 10 , 64 bit Build 19041 (10.0.19041.3636)
OS uptime: 0 days 19:42 hours

CPU: total 4 (initial active 4) (2 cores per cpu, 2 threads per core) family 6 model 60 stepping 3 microcode 0x27, cx8, cmov, fxsr, ht, mmx, sse, sse2, sse3, ssse3, sse4.1, sse4.2, popcnt, lzcnt, tsc, tscinvbit, avx, avx2, aes, erms, clmul, bmi1, bmi2, fma, vzeroupper, clflush
Processor Information for all 4 processors :
  Max Mhz: 3600, Current Mhz: 3600, Mhz Limit: 3600

Memory: 4k page, system-wide physical 8086M (2651M free)
TotalPageFile size 10322M (AvailPageFile size 2733M)
current process WorkingSet (physical memory assigned to process): 197M, peak: 199M
current process commit charge ("private bytes"): 231M, peak: 234M

vm_info: OpenJDK 64-Bit Server VM (17.0.9+9) for windows-amd64 JRE (17.0.9+9), built on Oct 26 2023 14:01:42 by "admin" with MS VC++ 16.10 / 16.11 (VS2019)

END.
