#
# A fatal error has been detected by the Java Runtime Environment:
#
#  EXCEPTION_ACCESS_VIOLATION (0xc0000005) at pc=0x00007ff8d5e4ff36, pid=7536, tid=8012
#
# JRE version: OpenJDK Runtime Environment Temurin-17.0.9+9 (17.0.9+9) (build 17.0.9+9)
# Java VM: OpenJDK 64-Bit Server VM Temurin-17.0.9+9 (17.0.9+9, mixed mode, tiered, compressed oops, compressed class ptrs, parallel gc, windows-amd64)
# Problematic frame:
# V  [jvm.dll+0x6aff36]
#
# No core dump will be written. Minidumps are not enabled by default on client versions of Windows
#
# If you would like to submit a bug report, please visit:
#   https://github.com/adoptium/adoptium-support/issues
#

---------------  S U M M A R Y ------------

Command Line: --add-modules=ALL-SYSTEM --add-opens=java.base/java.util=ALL-UNNAMED --add-opens=java.base/java.lang=ALL-UNNAMED --add-opens=java.base/sun.nio.fs=ALL-UNNAMED -Declipse.application=org.eclipse.jdt.ls.core.id1 -Dosgi.bundles.defaultStartLevel=4 -Declipse.product=org.eclipse.jdt.ls.core.product -Djava.import.generatesMetadataFilesAtProjectRoot=false -DDetectVMInstallationsJob.disabled=true -Dfile.encoding=utf8 -XX:+UseParallelGC -XX:GCTimeRatio=4 -XX:AdaptiveSizePolicyWeight=90 -Dsun.zip.disableMemoryMapping=true -Xmx1G -Xms100m -Xlog:disable -javaagent:c:\Users\11725231\.vscode\extensions\redhat.java-1.26.0-win32-x64\lombok\lombok-1.18.31-3454.jar -XX:+HeapDumpOnOutOfMemoryError -XX:HeapDumpPath=c:\Users\11725231\AppData\Roaming\Code\User\workspaceStorage\c7343b9234b7905f21c3bc0c092f164d\redhat.java -Daether.dependencyCollector.impl=bf c:\Users\11725231\.vscode\extensions\redhat.java-1.26.0-win32-x64\server\plugins\org.eclipse.equinox.launcher_1.6.700.v20231214-2017.jar -configuration c:\Users\11725231\AppData\Roaming\Code\User\globalStorage\redhat.java\1.26.0\config_win -data c:\Users\11725231\AppData\Roaming\Code\User\workspaceStorage\c7343b9234b7905f21c3bc0c092f164d\redhat.java\jdt_ws --stdio

Host: Intel(R) Core(TM) i3-4160 CPU @ 3.60GHz, 4 cores, 7G,  Windows 10 , 64 bit Build 19041 (10.0.19041.3636)
Time: Wed Jan 31 09:02:57 2024 Hora estándar romance elapsed time: 27.308727 seconds (0d 0h 0m 27s)

---------------  T H R E A D  ---------------

Current thread (0x000002ac6f1d9f80):  GCTaskThread "GC Thread#3" [stack: 0x000000e9be600000,0x000000e9be700000] [id=8012]

Stack: [0x000000e9be600000,0x000000e9be700000],  sp=0x000000e9be6ff690,  free space=1021k
Native frames: (J=compiled Java code, j=interpreted, Vv=VM code, C=native code)
V  [jvm.dll+0x6aff36]
V  [jvm.dll+0x6b03f6]
V  [jvm.dll+0x6b891c]
V  [jvm.dll+0x6b991a]
V  [jvm.dll+0x861e7b]
V  [jvm.dll+0x861ec6]
V  [jvm.dll+0x7e3c3a]
V  [jvm.dll+0x67be35]
C  [ucrtbase.dll+0x21bb2]
C  [KERNEL32.DLL+0x17344]
C  [ntdll.dll+0x526b1]


siginfo: EXCEPTION_ACCESS_VIOLATION (0xc0000005), reading address 0xffffffffffffffff


Registers:
RAX=0x1fffffffe8000008, RBX=0x0000000000000040, RCX=0x0000000000000008, RDX=0x000002ac679e0000
RSP=0x000000e9be6ff690, RBP=0x000002ac55df9d80, RSI=0x0000000000000008, RDI=0x00000000ca002e28
R8 =0x007fffffffa00000, R9 =0x0000000000002454, R10=0x00000000c6af2b38, R11=0x00000000000000d5
R12=0x000000e9bd7ff298, R13=0x0000000000000010, R14=0x00000000ca004468, R15=0x0000000000000000
RIP=0x00007ff8d5e4ff36, EFLAGS=0x0000000000010206


Register to memory mapping:

RIP=0x00007ff8d5e4ff36 jvm.dll
RAX=0x1fffffffe8000008 is an unknown value
RBX=0x0000000000000040 is an unknown value
RCX=0x0000000000000008 is an unknown value
RDX=0x000002ac679e0000 points into unknown readable memory: 0x0000000000400015 | 15 00 40 00 00 00 00 00
RSP=0x000000e9be6ff690 points into unknown readable memory: 0x00000000c6af2b38 | 38 2b af c6 00 00 00 00
RBP=0x000002ac55df9d80 points into unknown readable memory: 0x000002ac53bf0150 | 50 01 bf 53 ac 02 00 00
RSI=0x0000000000000008 is an unknown value
RDI=0x00000000ca002e28 is pointing into object: [[C 
{0x00000000c9e02458} - klass: {type array char}[]
 - length: 884733
R8 =0x007fffffffa00000 is an unknown value
R9 =0x0000000000002454 is an unknown value
R10=0x00000000c6af2b38 is an oop: [C 
{0x00000000c6af2b38} - klass: {type array char}
 - length: 24
R11=0x00000000000000d5 is an unknown value
R12=0x000000e9bd7ff298 points into unknown readable memory: 0x0000000000000004 | 04 00 00 00 00 00 00 00
R13=0x0000000000000010 is an unknown value
R14=0x00000000ca004468 is pointing into object: [[C 
{0x00000000c9e02458} - klass: {type array char}[]
 - length: 884733
R15=0x0 is NULL


Top of Stack: (sp=0x000000e9be6ff690)
0x000000e9be6ff690:   00000000c6af2b38 00000000ca002df8
0x000000e9be6ff6a0:   00000000c001a7f0 0000000000000004
0x000000e9be6ff6b0:   00007ff8d62cc790 00007ff8d5e503f6
0x000000e9be6ff6c0:   000002ac55df9d80 00007ff8d60bbb90
0x000000e9be6ff6d0:   00007ff8d6151018 000000000000003e
0x000000e9be6ff6e0:   00000000c9e02458 0000000000080000
0x000000e9be6ff6f0:   0000000100041de8 00007ff8d5e4ea0e
0x000000e9be6ff700:   00000000c03e5f64 00007ff8d5e4ff7e
0x000000e9be6ff710:   00007ff8d60bbb90 000002ac55d4be50
0x000000e9be6ff720:   0000000000000003 000002ac55df9d80
0x000000e9be6ff730:   0000000000000000 0000000000000000
0x000000e9be6ff740:   0000000000000000 00000000c9e06468
0x000000e9be6ff750:   00000000c9e06468 000000000000000c
0x000000e9be6ff760:   000002ac55df9d80 00007ff8d5e5891c
0x000000e9be6ff770:   00000000ceb0bd20 0000090c000023fb
0x000000e9be6ff780:   000003730000003e 00000000ceb0bd20
0x000000e9be6ff790:   00000000c9e02458 00007ff800000800
0x000000e9be6ff7a0:   00007ff800000003 000002ac55df9d80
0x000000e9be6ff7b0:   0000000000000000 0000000000000000
0x000000e9be6ff7c0:   0000000000000020 000002ac69b86b00
0x000000e9be6ff7d0:   000000e9bd7ff258 000000e9bd7ff150
0x000000e9be6ff7e0:   0000000000000000 00007ff8d5e5991a
0x000000e9be6ff7f0:   0000000000000005 000000e9be6ff870
0x000000e9be6ff800:   0000000000000000 0000000000000001
0x000000e9be6ff810:   000000e9bd7ff4f0 000002ac6ee48730
0x000000e9be6ff820:   0000000000000002 000002ac55df9d80
0x000000e9be6ff830:   00007ff8d6151808 000002ac55df9d80
0x000000e9be6ff840:   00007ff8d6151a10 0000000000000000
0x000000e9be6ff850:   0000000000000000 0000000000000001
0x000000e9be6ff860:   0000000000000001 0000fd410bf24199
0x000000e9be6ff870:   0000000000000000 000002ac6f1d9f80
0x000000e9be6ff880:   0000000000000000 0000000000000000 

Instructions: (pc=0x00007ff8d5e4ff36)
0x00007ff8d5e4fe36:   48 8b 74 24 48 48 83 c4 20 5f c3 cc cc cc cc cc
0x00007ff8d5e4fe46:   cc cc cc cc cc cc cc cc cc cc 48 89 5c 24 08 48
0x00007ff8d5e4fe56:   89 6c 24 10 48 89 74 24 18 48 89 7c 24 20 41 56
0x00007ff8d5e4fe66:   48 83 ec 20 80 3d 72 34 4d 00 00 bb 10 00 00 00
0x00007ff8d5e4fe76:   48 8b e9 4d 63 d0 4c 8b da 8b c3 8d 4b fc 0f 84
0x00007ff8d5e4fe86:   06 01 00 00 44 0f b6 0d 52 34 4d 00 45 84 c9 0f
0x00007ff8d5e4fe96:   45 c1 4c 63 04 10 49 8b d2 49 8b c0 49 2b c2 41
0x00007ff8d5e4fea6:   ba 00 08 00 00 49 3b c2 4c 0f 42 d0 b8 18 00 00
0x00007ff8d5e4feb6:   00 4c 03 d2 45 84 c9 0f 45 c3 49 03 c3 48 8d 3c
0x00007ff8d5e4fec6:   90 4e 8d 34 90 4d 3b d0 73 0e 4d 8b c2 49 8b d3
0x00007ff8d5e4fed6:   48 8b cd e8 82 0b 00 00 49 3b fe 0f 83 90 01 00
0x00007ff8d5e4fee6:   00 66 0f 1f 84 00 00 00 00 00 8b 07 85 c0 0f 84
0x00007ff8d5e4fef6:   84 00 00 00 8b 0d e8 73 46 00 8b d8 48 8b 15 d7
0x00007ff8d5e4ff06:   cf 4e 00 48 d3 e3 48 03 1d cd 73 46 00 8b 0d 1f
0x00007ff8d5e4ff16:   83 46 00 48 8b c3 48 2b 02 48 8b 52 10 48 c1 e8
0x00007ff8d5e4ff26:   03 48 d3 e8 4c 8b c0 24 3f 49 c1 e8 06 0f b6 c8
0x00007ff8d5e4ff36:   4a 8b 04 c2 48 0f a3 c8 72 3e 48 8b cb e8 58 cb
0x00007ff8d5e4ff46:   95 ff 48 63 f0 48 8d 0d 5e d1 4e 00 4c 8b c6 48
0x00007ff8d5e4ff56:   8b d3 e8 f3 72 fd ff 84 c0 74 1d 4c 8b c6 48 8d
0x00007ff8d5e4ff66:   0d 85 d1 4e 00 48 8b d3 e8 0d 2f 00 00 48 8b d3
0x00007ff8d5e4ff76:   48 8b cd e8 42 0a 00 00 48 83 c7 04 49 3b fe 0f
0x00007ff8d5e4ff86:   82 65 ff ff ff e9 e7 00 00 00 0f b6 15 4d 33 4d
0x00007ff8d5e4ff96:   00 84 d2 48 0f 45 c1 49 8b ca 4e 63 0c 18 49 8b
0x00007ff8d5e4ffa6:   c1 49 2b c2 41 ba 00 08 00 00 49 3b c2 4c 0f 42
0x00007ff8d5e4ffb6:   d0 b8 18 00 00 00 4c 03 d1 84 d2 48 0f 45 c3 49
0x00007ff8d5e4ffc6:   03 c3 48 8d 3c c8 4e 8d 34 d0 4d 3b d1 73 0e 4d
0x00007ff8d5e4ffd6:   8b c2 49 8b d3 48 8b cd e8 7d 0a 00 00 49 3b fe
0x00007ff8d5e4ffe6:   0f 83 8b 00 00 00 0f 1f 40 00 48 8b 1f 48 85 db
0x00007ff8d5e4fff6:   74 72 48 8b 15 e1 ce 4e 00 48 8b c3 8b 0d 30 82
0x00007ff8d5e50006:   46 00 48 2b 02 48 8b 52 10 48 c1 e8 03 48 d3 e8
0x00007ff8d5e50016:   4c 8b c0 24 3f 49 c1 e8 06 0f b6 c8 4a 8b 04 c2
0x00007ff8d5e50026:   48 0f a3 c8 72 3e 48 8b cb e8 6c ca 95 ff 48 63 


Stack slot to memory mapping:
stack at sp + 0 slots: 0x00000000c6af2b38 is an oop: [C 
{0x00000000c6af2b38} - klass: {type array char}
 - length: 24
stack at sp + 1 slots: 0x00000000ca002df8 is pointing into object: [[C 
{0x00000000c9e02458} - klass: {type array char}[]
 - length: 884733
stack at sp + 2 slots: 0x00000000c001a7f0 is an oop: [B 
{0x00000000c001a7f0} - klass: {type array byte}
 - length: 11
stack at sp + 3 slots: 0x0000000000000004 is an unknown value
stack at sp + 4 slots: 0x00007ff8d62cc790 jvm.dll
stack at sp + 5 slots: 0x00007ff8d5e503f6 jvm.dll
stack at sp + 6 slots: 0x000002ac55df9d80 points into unknown readable memory: 0x000002ac53bf0150 | 50 01 bf 53 ac 02 00 00
stack at sp + 7 slots: 0x00007ff8d60bbb90 jvm.dll


---------------  P R O C E S S  ---------------

Threads class SMR info:
_java_thread_list=0x000002ac73cb5720, length=36, elements={
0x000002ac55d3ffa0, 0x000002ac69b80020, 0x000002ac69b81240, 0x000002ac69bcf130,
0x000002ac69bcfec0, 0x000002ac69bd0b50, 0x000002ac69bd2830, 0x000002ac69b9e9b0,
0x000002ac69ba44b0, 0x000002ac6ee39650, 0x000002ac55da1120, 0x000002ac6f1de910,
0x000002ac6f8918a0, 0x000002ac6f824be0, 0x000002ac6fcdd760, 0x000002ac6fc37cb0,
0x000002ac6fc2e900, 0x000002ac6fee7410, 0x000002ac6fee5ac0, 0x000002ac6fee7920,
0x000002ac6fee8850, 0x000002ac6fee5fd0, 0x000002ac6fee7e30, 0x000002ac6fee8d60,
0x000002ac6fee64e0, 0x000002ac70eadca0, 0x000002ac70eb0010, 0x000002ac70eb0f40,
0x000002ac70eaebd0, 0x000002ac70eaf0e0, 0x000002ac70eaf5f0, 0x000002ac70eafb00,
0x000002ac70eb1450, 0x000002ac6fee55b0, 0x000002ac6fee6f00, 0x000002ac6fbaa320
}

Java Threads: ( => current thread )
  0x000002ac55d3ffa0 JavaThread "main" [_thread_blocked, id=2080, stack(0x000000e9bd500000,0x000000e9bd600000)]
  0x000002ac69b80020 JavaThread "Reference Handler" daemon [_thread_blocked, id=1292, stack(0x000000e9bd800000,0x000000e9bd900000)]
  0x000002ac69b81240 JavaThread "Finalizer" daemon [_thread_blocked, id=6088, stack(0x000000e9bd900000,0x000000e9bda00000)]
  0x000002ac69bcf130 JavaThread "Signal Dispatcher" daemon [_thread_blocked, id=10636, stack(0x000000e9bda00000,0x000000e9bdb00000)]
  0x000002ac69bcfec0 JavaThread "Attach Listener" daemon [_thread_blocked, id=1120, stack(0x000000e9bdb00000,0x000000e9bdc00000)]
  0x000002ac69bd0b50 JavaThread "Service Thread" daemon [_thread_blocked, id=5916, stack(0x000000e9bdc00000,0x000000e9bdd00000)]
  0x000002ac69bd2830 JavaThread "Monitor Deflation Thread" daemon [_thread_blocked, id=8484, stack(0x000000e9bdd00000,0x000000e9bde00000)]
  0x000002ac69b9e9b0 JavaThread "C2 CompilerThread0" daemon [_thread_blocked, id=6504, stack(0x000000e9bde00000,0x000000e9bdf00000)]
  0x000002ac69ba44b0 JavaThread "C1 CompilerThread0" daemon [_thread_blocked, id=1592, stack(0x000000e9bdf00000,0x000000e9be000000)]
  0x000002ac6ee39650 JavaThread "Sweeper thread" daemon [_thread_blocked, id=8732, stack(0x000000e9be000000,0x000000e9be100000)]
  0x000002ac55da1120 JavaThread "Common-Cleaner" daemon [_thread_blocked, id=2108, stack(0x000000e9be100000,0x000000e9be200000)]
  0x000002ac6f1de910 JavaThread "Notification Thread" daemon [_thread_blocked, id=7128, stack(0x000000e9be200000,0x000000e9be300000)]
  0x000002ac6f8918a0 JavaThread "Active Thread: Equinox Container: 45bb0dea-3cde-4c0b-8da7-514d32e3bdc5" [_thread_blocked, id=1984, stack(0x000000e9be800000,0x000000e9be900000)]
  0x000002ac6f824be0 JavaThread "Framework Event Dispatcher: Equinox Container: 45bb0dea-3cde-4c0b-8da7-514d32e3bdc5" daemon [_thread_blocked, id=9204, stack(0x000000e9be900000,0x000000e9bea00000)]
  0x000002ac6fcdd760 JavaThread "Start Level: Equinox Container: 45bb0dea-3cde-4c0b-8da7-514d32e3bdc5" daemon [_thread_blocked, id=2768, stack(0x000000e9bea00000,0x000000e9beb00000)]
  0x000002ac6fc37cb0 JavaThread "Bundle File Closer" daemon [_thread_blocked, id=10592, stack(0x000000e9beb00000,0x000000e9bec00000)]
  0x000002ac6fc2e900 JavaThread "SCR Component Actor" daemon [_thread_blocked, id=2480, stack(0x000000e9bec00000,0x000000e9bed00000)]
  0x000002ac6fee7410 JavaThread "Worker-JM" [_thread_blocked, id=8120, stack(0x000000e9be700000,0x000000e9be800000)]
  0x000002ac6fee5ac0 JavaThread "Worker-0: Java indexing... " [_thread_blocked, id=6316, stack(0x000000e9bee00000,0x000000e9bef00000)]
  0x000002ac6fee7920 JavaThread "Worker-1" [_thread_blocked, id=1540, stack(0x000000e9bef00000,0x000000e9bf000000)]
  0x000002ac6fee8850 JavaThread "Java indexing" daemon [_thread_blocked, id=5664, stack(0x000000e9bf100000,0x000000e9bf200000)]
  0x000002ac6fee5fd0 JavaThread "Worker-2: Initialize Workspace" [_thread_blocked, id=5912, stack(0x000000e9bf200000,0x000000e9bf300000)]
  0x000002ac6fee7e30 JavaThread "Worker-3" [_thread_blocked, id=8372, stack(0x000000e9bf300000,0x000000e9bf400000)]
  0x000002ac6fee8d60 JavaThread "JNA Cleaner" daemon [_thread_blocked, id=956, stack(0x000000e9bf400000,0x000000e9bf500000)]
  0x000002ac6fee64e0 JavaThread "pool-2-thread-1" [_thread_blocked, id=9164, stack(0x000000e9bf700000,0x000000e9bf800000)]
  0x000002ac70eadca0 JavaThread "WorkspaceEventsHandler" [_thread_blocked, id=10524, stack(0x000000e9bf800000,0x000000e9bf900000)]
  0x000002ac70eb0010 JavaThread "pool-1-thread-1" [_thread_in_native, id=10132, stack(0x000000e9bf900000,0x000000e9bfa00000)]
  0x000002ac70eb0f40 JavaThread "Worker-4" [_thread_blocked, id=6432, stack(0x000000e9bf000000,0x000000e9bf100000)]
  0x000002ac70eaebd0 JavaThread "Worker-5" [_thread_blocked, id=9624, stack(0x000000e9bfa00000,0x000000e9bfb00000)]
  0x000002ac70eaf0e0 JavaThread "Worker-6" [_thread_blocked, id=2564, stack(0x000000e9bfb00000,0x000000e9bfc00000)]
  0x000002ac70eaf5f0 JavaThread "Worker-7" [_thread_blocked, id=5644, stack(0x000000e9bfc00000,0x000000e9bfd00000)]
  0x000002ac70eafb00 JavaThread "ForkJoinPool.commonPool-worker-1" daemon [_thread_blocked, id=3088, stack(0x000000e9bfd00000,0x000000e9bfe00000)]
  0x000002ac70eb1450 JavaThread "Worker-8" [_thread_blocked, id=10200, stack(0x000000e9bfe00000,0x000000e9bff00000)]
  0x000002ac6fee55b0 JavaThread "ForkJoinPool.commonPool-worker-2" daemon [_thread_blocked, id=9720, stack(0x000000e9bff00000,0x000000e9c0000000)]
  0x000002ac6fee6f00 JavaThread "ForkJoinPool.commonPool-worker-3" daemon [_thread_blocked, id=4436, stack(0x000000e9c0000000,0x000000e9c0100000)]
  0x000002ac6fbaa320 JavaThread "C2 CompilerThread1" daemon [_thread_blocked, id=2380, stack(0x000000e9bed00000,0x000000e9bee00000)]

Other Threads:
  0x000002ac69b6c320 VMThread "VM Thread" [stack: 0x000000e9bd700000,0x000000e9bd800000] [id=6572]
  0x000002ac6f0d5c80 WatcherThread [stack: 0x000000e9be300000,0x000000e9be400000] [id=7180]
  0x000002ac55d54b10 GCTaskThread "GC Thread#0" [stack: 0x000000e9bd600000,0x000000e9bd700000] [id=7296]
  0x000002ac6f8b7d40 GCTaskThread "GC Thread#1" [stack: 0x000000e9be400000,0x000000e9be500000] [id=7868]
  0x000002ac6f9d9c00 GCTaskThread "GC Thread#2" [stack: 0x000000e9be500000,0x000000e9be600000] [id=5236]
=>0x000002ac6f1d9f80 GCTaskThread "GC Thread#3" [stack: 0x000000e9be600000,0x000000e9be700000] [id=8012]

Threads with active compile tasks:

VM state: at safepoint (normal execution)

VM Mutex/Monitor currently owned by a thread:  ([mutex/lock_event])
[0x000002ac55d3cd20] Threads_lock - owner thread: 0x000002ac69b6c320
[0x000002ac55d3bd60] Heap_lock - owner thread: 0x000002ac6fee8850

Heap address: 0x00000000c0000000, size: 1024 MB, Compressed Oops mode: 32-bit

CDS archive(s) not mapped
Compressed class space mapped at: 0x0000000100000000-0x0000000140000000, reserved size: 1073741824
Narrow klass base: 0x0000000000000000, Narrow klass shift: 3, Narrow klass range: 0x140000000

GC Precious Log:
 CPUs: 4 total, 4 available
 Memory: 8086M
 Large Page Support: Disabled
 NUMA Support: Disabled
 Compressed Oops: Enabled (32-bit)
 Alignments: Space 512K, Generation 512K, Heap 2M
 Heap Min Capacity: 100M
 Heap Initial Capacity: 100M
 Heap Max Capacity: 1G
 Pre-touch: Disabled
 Parallel Workers: 4

Heap:
 PSYoungGen      total 13312K, used 7153K [0x00000000eab00000, 0x00000000eee00000, 0x0000000100000000)
  eden space 6144K, 0% used [0x00000000eab00000,0x00000000eab00000,0x00000000eb100000)
  from space 7168K, 99% used [0x00000000ec780000,0x00000000ece7c688,0x00000000ece80000)
  to   space 23040K, 0% used [0x00000000eb100000,0x00000000eb100000,0x00000000ec780000)
 ParOldGen       total 292864K, used 285928K [0x00000000c0000000, 0x00000000d1e00000, 0x00000000eab00000)
  object space 292864K, 97% used [0x00000000c0000000,0x00000000d173a030,0x00000000d1e00000)
 Metaspace       used 69944K, committed 71296K, reserved 1114112K
  class space    used 7378K, committed 7936K, reserved 1048576K

Card table byte_map: [0x000002ac556e0000,0x000002ac558f0000] _byte_map_base: 0x000002ac550e0000

Marking Bits: (ParMarkBitMap*) 0x00007ff8d633d0b0
 Begin Bits: [0x000002ac679e0000, 0x000002ac689e0000)
 End Bits:   [0x000002ac689e0000, 0x000002ac699e0000)

Polling page: 0x000002ac53b60000

Metaspace:

Usage:
  Non-class:     61.10 MB used.
      Class:      7.21 MB used.
       Both:     68.30 MB used.

Virtual space:
  Non-class space:       64.00 MB reserved,      61.88 MB ( 97%) committed,  1 nodes.
      Class space:        1.00 GB reserved,       7.75 MB ( <1%) committed,  1 nodes.
             Both:        1.06 GB reserved,      69.62 MB (  6%) committed. 

Chunk freelists:
   Non-Class:  1.23 MB
       Class:  8.26 MB
        Both:  9.50 MB

MaxMetaspaceSize: unlimited
CompressedClassSpaceSize: 1.00 GB
Initial GC threshold: 21.00 MB
Current GC threshold: 116.06 MB
CDS: off
MetaspaceReclaimPolicy: balanced
 - commit_granule_bytes: 65536.
 - commit_granule_words: 8192.
 - virtual_space_node_default_size: 8388608.
 - enlarge_chunks_in_place: 1.
 - new_chunks_are_fully_committed: 0.
 - uncommit_free_chunks: 1.
 - use_allocation_guard: 0.
 - handle_deallocations: 1.


Internal statistics:

num_allocs_failed_limit: 6.
num_arena_births: 876.
num_arena_deaths: 14.
num_vsnodes_births: 2.
num_vsnodes_deaths: 0.
num_space_committed: 1114.
num_space_uncommitted: 0.
num_chunks_returned_to_freelist: 20.
num_chunks_taken_from_freelist: 3725.
num_chunk_merges: 8.
num_chunk_splits: 2353.
num_chunks_enlarged: 1439.
num_inconsistent_stats: 0.

CodeHeap 'non-profiled nmethods': size=120000Kb used=6246Kb max_used=6811Kb free=113753Kb
 bounds [0x000002ac604b0000, 0x000002ac60b70000, 0x000002ac679e0000]
CodeHeap 'profiled nmethods': size=120000Kb used=17847Kb max_used=19340Kb free=102152Kb
 bounds [0x000002ac589e0000, 0x000002ac59cd0000, 0x000002ac5ff10000]
CodeHeap 'non-nmethods': size=5760Kb used=1349Kb max_used=1424Kb free=4410Kb
 bounds [0x000002ac5ff10000, 0x000002ac60180000, 0x000002ac604b0000]
 total_blobs=9971 nmethods=9278 adapters=607
 compilation: enabled
              stopped_count=0, restarted_count=0
 full_count=0

Compilation events (20 events):
Event: 26.722 Thread 0x000002ac69ba44b0 11345       3       org.eclipse.jdt.internal.core.index.DiskIndex::copyQueryResults (218 bytes)
Event: 26.723 Thread 0x000002ac6fbaa320 nmethod 11343 0x000002ac6060ce90 code [0x000002ac6060d040, 0x000002ac6060d3c8]
Event: 26.723 Thread 0x000002ac69ba44b0 nmethod 11345 0x000002ac58f1e790 code [0x000002ac58f1ea20, 0x000002ac58f1f838]
Event: 26.723 Thread 0x000002ac6fbaa320 11344       4       org.eclipse.jdt.internal.compiler.util.HashtableOfObject::get (56 bytes)
Event: 26.728 Thread 0x000002ac6fbaa320 nmethod 11344 0x000002ac6060c610 code [0x000002ac6060c7a0, 0x000002ac6060cc38]
Event: 26.728 Thread 0x000002ac6fbaa320 11346       4       org.eclipse.jdt.internal.core.index.DiskIndex$IntList::add (67 bytes)
Event: 26.731 Thread 0x000002ac6fbaa320 nmethod 11346 0x000002ac60a41e90 code [0x000002ac60a42020, 0x000002ac60a422f8]
Event: 26.735 Thread 0x000002ac6fbaa320 11347 %     4       org.eclipse.jdt.internal.core.index.DiskIndex::copyQueryResults @ 21 (218 bytes)
Event: 26.802 Thread 0x000002ac69b9e9b0 nmethod 11337% 0x000002ac60963810 code [0x000002ac60963ac0, 0x000002ac609662e0]
Event: 26.802 Thread 0x000002ac69b9e9b0 11348 %     4       org.eclipse.jdt.internal.compiler.util.HashtableOfObject::rehash @ 27 (84 bytes)
Event: 26.812 Thread 0x000002ac69b9e9b0 nmethod 11348% 0x000002ac60a41390 code [0x000002ac60a41540, 0x000002ac60a41a88]
Event: 26.812 Thread 0x000002ac69b9e9b0 11349       4       org.eclipse.jdt.internal.compiler.util.HashtableOfObject::put (101 bytes)
Event: 26.840 Thread 0x000002ac69b9e9b0 nmethod 11349 0x000002ac60981390 code [0x000002ac609815a0, 0x000002ac609824a8]
Event: 26.840 Thread 0x000002ac69b9e9b0 11350       4       org.eclipse.jdt.internal.compiler.util.HashtableOfObject::rehash (84 bytes)
Event: 26.853 Thread 0x000002ac6fbaa320 nmethod 11347% 0x000002ac609d4f90 code [0x000002ac609d5240, 0x000002ac609d8178]
Event: 26.854 Thread 0x000002ac6fbaa320 11351 %     4       org.eclipse.jdt.internal.core.index.DiskIndex::copyQueryResults @ 104 (218 bytes)
Event: 26.856 Thread 0x000002ac69b9e9b0 nmethod 11350 0x000002ac6071a690 code [0x000002ac6071a880, 0x000002ac6071b108]
Event: 26.936 Thread 0x000002ac6fbaa320 nmethod 11351% 0x000002ac60947010 code [0x000002ac609472a0, 0x000002ac609492e8]
Event: 26.936 Thread 0x000002ac69b9e9b0 11352       4       org.eclipse.jdt.internal.core.index.DiskIndex::copyQueryResults (218 bytes)
Event: 26.994 Thread 0x000002ac69b9e9b0 nmethod 11352 0x000002ac60633a10 code [0x000002ac60633c80, 0x000002ac606359a8]

GC Heap History (20 events):
Event: 25.818 GC heap after
{Heap after GC invocations=238 (full 9):
 PSYoungGen      total 16384K, used 3012K [0x00000000eab00000, 0x00000000ec100000, 0x0000000100000000)
  eden space 13312K, 0% used [0x00000000eab00000,0x00000000eab00000,0x00000000eb800000)
  from space 3072K, 98% used [0x00000000ebe00000,0x00000000ec0f1320,0x00000000ec100000)
  to   space 4096K, 0% used [0x00000000eb900000,0x00000000eb900000,0x00000000ebd00000)
 ParOldGen       total 249344K, used 242669K [0x00000000c0000000, 0x00000000cf380000, 0x00000000eab00000)
  object space 249344K, 97% used [0x00000000c0000000,0x00000000cecfb510,0x00000000cf380000)
 Metaspace       used 69925K, committed 71296K, reserved 1114112K
  class space    used 7377K, committed 7936K, reserved 1048576K
}
Event: 25.852 GC heap before
{Heap before GC invocations=239 (full 9):
 PSYoungGen      total 16384K, used 16324K [0x00000000eab00000, 0x00000000ec100000, 0x0000000100000000)
  eden space 13312K, 100% used [0x00000000eab00000,0x00000000eb800000,0x00000000eb800000)
  from space 3072K, 98% used [0x00000000ebe00000,0x00000000ec0f1320,0x00000000ec100000)
  to   space 4096K, 0% used [0x00000000eb900000,0x00000000eb900000,0x00000000ebd00000)
 ParOldGen       total 249344K, used 242669K [0x00000000c0000000, 0x00000000cf380000, 0x00000000eab00000)
  object space 249344K, 97% used [0x00000000c0000000,0x00000000cecfb510,0x00000000cf380000)
 Metaspace       used 69925K, committed 71296K, reserved 1114112K
  class space    used 7377K, committed 7936K, reserved 1048576K
}
Event: 25.856 GC heap after
{Heap after GC invocations=239 (full 9):
 PSYoungGen      total 17408K, used 4088K [0x00000000eab00000, 0x00000000ec700000, 0x0000000100000000)
  eden space 13312K, 0% used [0x00000000eab00000,0x00000000eab00000,0x00000000eb800000)
  from space 4096K, 99% used [0x00000000eb900000,0x00000000ebcfe2b0,0x00000000ebd00000)
  to   space 7680K, 0% used [0x00000000ebf80000,0x00000000ebf80000,0x00000000ec700000)
 ParOldGen       total 249344K, used 245392K [0x00000000c0000000, 0x00000000cf380000, 0x00000000eab00000)
  object space 249344K, 98% used [0x00000000c0000000,0x00000000cefa43e8,0x00000000cf380000)
 Metaspace       used 69925K, committed 71296K, reserved 1114112K
  class space    used 7377K, committed 7936K, reserved 1048576K
}
Event: 25.904 GC heap before
{Heap before GC invocations=240 (full 9):
 PSYoungGen      total 17408K, used 17400K [0x00000000eab00000, 0x00000000ec700000, 0x0000000100000000)
  eden space 13312K, 100% used [0x00000000eab00000,0x00000000eb800000,0x00000000eb800000)
  from space 4096K, 99% used [0x00000000eb900000,0x00000000ebcfe2b0,0x00000000ebd00000)
  to   space 7680K, 0% used [0x00000000ebf80000,0x00000000ebf80000,0x00000000ec700000)
 ParOldGen       total 249344K, used 245392K [0x00000000c0000000, 0x00000000cf380000, 0x00000000eab00000)
  object space 249344K, 98% used [0x00000000c0000000,0x00000000cefa43e8,0x00000000cf380000)
 Metaspace       used 69925K, committed 71296K, reserved 1114112K
  class space    used 7377K, committed 7936K, reserved 1048576K
}
Event: 25.910 GC heap after
{Heap after GC invocations=240 (full 9):
 PSYoungGen      total 16896K, used 3434K [0x00000000eab00000, 0x00000000ec300000, 0x0000000100000000)
  eden space 13312K, 0% used [0x00000000eab00000,0x00000000eab00000,0x00000000eb800000)
  from space 3584K, 95% used [0x00000000ebf80000,0x00000000ec2da960,0x00000000ec300000)
  to   space 5120K, 0% used [0x00000000eb900000,0x00000000eb900000,0x00000000ebe00000)
 ParOldGen       total 249856K, used 249468K [0x00000000c0000000, 0x00000000cf400000, 0x00000000eab00000)
  object space 249856K, 99% used [0x00000000c0000000,0x00000000cf39f138,0x00000000cf400000)
 Metaspace       used 69925K, committed 71296K, reserved 1114112K
  class space    used 7377K, committed 7936K, reserved 1048576K
}
Event: 25.910 GC heap before
{Heap before GC invocations=241 (full 10):
 PSYoungGen      total 16896K, used 3434K [0x00000000eab00000, 0x00000000ec300000, 0x0000000100000000)
  eden space 13312K, 0% used [0x00000000eab00000,0x00000000eab00000,0x00000000eb800000)
  from space 3584K, 95% used [0x00000000ebf80000,0x00000000ec2da960,0x00000000ec300000)
  to   space 5120K, 0% used [0x00000000eb900000,0x00000000eb900000,0x00000000ebe00000)
 ParOldGen       total 249856K, used 249468K [0x00000000c0000000, 0x00000000cf400000, 0x00000000eab00000)
  object space 249856K, 99% used [0x00000000c0000000,0x00000000cf39f138,0x00000000cf400000)
 Metaspace       used 69925K, committed 71296K, reserved 1114112K
  class space    used 7377K, committed 7936K, reserved 1048576K
}
Event: 26.345 GC heap after
{Heap after GC invocations=241 (full 10):
 PSYoungGen      total 18432K, used 776K [0x00000000eab00000, 0x00000000ec380000, 0x0000000100000000)
  eden space 14848K, 0% used [0x00000000eab00000,0x00000000eab00000,0x00000000eb980000)
  from space 3584K, 21% used [0x00000000ebf80000,0x00000000ec042098,0x00000000ec300000)
  to   space 5120K, 0% used [0x00000000eb980000,0x00000000eb980000,0x00000000ebe80000)
 ParOldGen       total 292864K, used 249683K [0x00000000c0000000, 0x00000000d1e00000, 0x00000000eab00000)
  object space 292864K, 85% used [0x00000000c0000000,0x00000000cf3d4c28,0x00000000d1e00000)
 Metaspace       used 69925K, committed 71296K, reserved 1114112K
  class space    used 7377K, committed 7936K, reserved 1048576K
}
Event: 26.368 GC heap before
{Heap before GC invocations=242 (full 10):
 PSYoungGen      total 18432K, used 15624K [0x00000000eab00000, 0x00000000ec380000, 0x0000000100000000)
  eden space 14848K, 100% used [0x00000000eab00000,0x00000000eb980000,0x00000000eb980000)
  from space 3584K, 21% used [0x00000000ebf80000,0x00000000ec042098,0x00000000ec300000)
  to   space 5120K, 0% used [0x00000000eb980000,0x00000000eb980000,0x00000000ebe80000)
 ParOldGen       total 292864K, used 249683K [0x00000000c0000000, 0x00000000d1e00000, 0x00000000eab00000)
  object space 292864K, 85% used [0x00000000c0000000,0x00000000cf3d4c28,0x00000000d1e00000)
 Metaspace       used 69925K, committed 71296K, reserved 1114112K
  class space    used 7377K, committed 7936K, reserved 1048576K
}
Event: 26.389 GC heap after
{Heap after GC invocations=242 (full 10):
 PSYoungGen      total 19968K, used 5094K [0x00000000eab00000, 0x00000000ec700000, 0x0000000100000000)
  eden space 14848K, 0% used [0x00000000eab00000,0x00000000eab00000,0x00000000eb980000)
  from space 5120K, 99% used [0x00000000eb980000,0x00000000ebe79960,0x00000000ebe80000)
  to   space 6144K, 0% used [0x00000000ec100000,0x00000000ec100000,0x00000000ec700000)
 ParOldGen       total 292864K, used 249903K [0x00000000c0000000, 0x00000000d1e00000, 0x00000000eab00000)
  object space 292864K, 85% used [0x00000000c0000000,0x00000000cf40bc38,0x00000000d1e00000)
 Metaspace       used 69925K, committed 71296K, reserved 1114112K
  class space    used 7377K, committed 7936K, reserved 1048576K
}
Event: 26.411 GC heap before
{Heap before GC invocations=243 (full 10):
 PSYoungGen      total 19968K, used 19942K [0x00000000eab00000, 0x00000000ec700000, 0x0000000100000000)
  eden space 14848K, 100% used [0x00000000eab00000,0x00000000eb980000,0x00000000eb980000)
  from space 5120K, 99% used [0x00000000eb980000,0x00000000ebe79960,0x00000000ebe80000)
  to   space 6144K, 0% used [0x00000000ec100000,0x00000000ec100000,0x00000000ec700000)
 ParOldGen       total 292864K, used 249903K [0x00000000c0000000, 0x00000000d1e00000, 0x00000000eab00000)
  object space 292864K, 85% used [0x00000000c0000000,0x00000000cf40bc38,0x00000000d1e00000)
 Metaspace       used 69925K, committed 71296K, reserved 1114112K
  class space    used 7377K, committed 7936K, reserved 1048576K
}
Event: 26.417 GC heap after
{Heap after GC invocations=243 (full 10):
 PSYoungGen      total 21504K, used 5013K [0x00000000eab00000, 0x00000000ec600000, 0x0000000100000000)
  eden space 16384K, 0% used [0x00000000eab00000,0x00000000eab00000,0x00000000ebb00000)
  from space 5120K, 97% used [0x00000000ec100000,0x00000000ec5e5698,0x00000000ec600000)
  to   space 5120K, 0% used [0x00000000ebc00000,0x00000000ebc00000,0x00000000ec100000)
 ParOldGen       total 292864K, used 254710K [0x00000000c0000000, 0x00000000d1e00000, 0x00000000eab00000)
  object space 292864K, 86% used [0x00000000c0000000,0x00000000cf8bdaf0,0x00000000d1e00000)
 Metaspace       used 69925K, committed 71296K, reserved 1114112K
  class space    used 7377K, committed 7936K, reserved 1048576K
}
Event: 26.432 GC heap before
{Heap before GC invocations=244 (full 10):
 PSYoungGen      total 21504K, used 21397K [0x00000000eab00000, 0x00000000ec600000, 0x0000000100000000)
  eden space 16384K, 100% used [0x00000000eab00000,0x00000000ebb00000,0x00000000ebb00000)
  from space 5120K, 97% used [0x00000000ec100000,0x00000000ec5e5698,0x00000000ec600000)
  to   space 5120K, 0% used [0x00000000ebc00000,0x00000000ebc00000,0x00000000ec100000)
 ParOldGen       total 292864K, used 254710K [0x00000000c0000000, 0x00000000d1e00000, 0x00000000eab00000)
  object space 292864K, 86% used [0x00000000c0000000,0x00000000cf8bdaf0,0x00000000d1e00000)
 Metaspace       used 69925K, committed 71296K, reserved 1114112K
  class space    used 7377K, committed 7936K, reserved 1048576K
}
Event: 26.438 GC heap after
{Heap after GC invocations=244 (full 10):
 PSYoungGen      total 22528K, used 5111K [0x00000000eab00000, 0x00000000ed500000, 0x0000000100000000)
  eden space 17408K, 0% used [0x00000000eab00000,0x00000000eab00000,0x00000000ebc00000)
  from space 5120K, 99% used [0x00000000ebc00000,0x00000000ec0fde70,0x00000000ec100000)
  to   space 12288K, 0% used [0x00000000ec900000,0x00000000ec900000,0x00000000ed500000)
 ParOldGen       total 292864K, used 260569K [0x00000000c0000000, 0x00000000d1e00000, 0x00000000eab00000)
  object space 292864K, 88% used [0x00000000c0000000,0x00000000cfe766c0,0x00000000d1e00000)
 Metaspace       used 69925K, committed 71296K, reserved 1114112K
  class space    used 7377K, committed 7936K, reserved 1048576K
}
Event: 26.452 GC heap before
{Heap before GC invocations=245 (full 10):
 PSYoungGen      total 22528K, used 22519K [0x00000000eab00000, 0x00000000ed500000, 0x0000000100000000)
  eden space 17408K, 100% used [0x00000000eab00000,0x00000000ebc00000,0x00000000ebc00000)
  from space 5120K, 99% used [0x00000000ebc00000,0x00000000ec0fde70,0x00000000ec100000)
  to   space 12288K, 0% used [0x00000000ec900000,0x00000000ec900000,0x00000000ed500000)
 ParOldGen       total 292864K, used 260569K [0x00000000c0000000, 0x00000000d1e00000, 0x00000000eab00000)
  object space 292864K, 88% used [0x00000000c0000000,0x00000000cfe766c0,0x00000000d1e00000)
 Metaspace       used 69925K, committed 71296K, reserved 1114112K
  class space    used 7377K, committed 7936K, reserved 1048576K
}
Event: 26.459 GC heap after
{Heap after GC invocations=245 (full 10):
 PSYoungGen      total 26624K, used 7101K [0x00000000eab00000, 0x00000000ed000000, 0x0000000100000000)
  eden space 19456K, 0% used [0x00000000eab00000,0x00000000eab00000,0x00000000ebe00000)
  from space 7168K, 99% used [0x00000000ec900000,0x00000000ecfef590,0x00000000ed000000)
  to   space 8704K, 0% used [0x00000000ebf00000,0x00000000ebf00000,0x00000000ec780000)
 ParOldGen       total 292864K, used 265610K [0x00000000c0000000, 0x00000000d1e00000, 0x00000000eab00000)
  object space 292864K, 90% used [0x00000000c0000000,0x00000000d03628e8,0x00000000d1e00000)
 Metaspace       used 69925K, committed 71296K, reserved 1114112K
  class space    used 7377K, committed 7936K, reserved 1048576K
}
Event: 26.777 GC heap before
{Heap before GC invocations=246 (full 10):
 PSYoungGen      total 26624K, used 26557K [0x00000000eab00000, 0x00000000ed000000, 0x0000000100000000)
  eden space 19456K, 100% used [0x00000000eab00000,0x00000000ebe00000,0x00000000ebe00000)
  from space 7168K, 99% used [0x00000000ec900000,0x00000000ecfef590,0x00000000ed000000)
  to   space 8704K, 0% used [0x00000000ebf00000,0x00000000ebf00000,0x00000000ec780000)
 ParOldGen       total 292864K, used 265610K [0x00000000c0000000, 0x00000000d1e00000, 0x00000000eab00000)
  object space 292864K, 90% used [0x00000000c0000000,0x00000000d03628e8,0x00000000d1e00000)
 Metaspace       used 69944K, committed 71296K, reserved 1114112K
  class space    used 7378K, committed 7936K, reserved 1048576K
}
Event: 26.785 GC heap after
{Heap after GC invocations=246 (full 10):
 PSYoungGen      total 29184K, used 6837K [0x00000000eab00000, 0x00000000ece80000, 0x0000000100000000)
  eden space 20480K, 0% used [0x00000000eab00000,0x00000000eab00000,0x00000000ebf00000)
  from space 8704K, 78% used [0x00000000ebf00000,0x00000000ec5ad710,0x00000000ec780000)
  to   space 7168K, 0% used [0x00000000ec780000,0x00000000ec780000,0x00000000ece80000)
 ParOldGen       total 292864K, used 272544K [0x00000000c0000000, 0x00000000d1e00000, 0x00000000eab00000)
  object space 292864K, 93% used [0x00000000c0000000,0x00000000d0a28260,0x00000000d1e00000)
 Metaspace       used 69944K, committed 71296K, reserved 1114112K
  class space    used 7378K, committed 7936K, reserved 1048576K
}
Event: 27.210 GC heap before
{Heap before GC invocations=247 (full 10):
 PSYoungGen      total 29184K, used 27280K [0x00000000eab00000, 0x00000000ece80000, 0x0000000100000000)
  eden space 20480K, 99% used [0x00000000eab00000,0x00000000ebef6a20,0x00000000ebf00000)
  from space 8704K, 78% used [0x00000000ebf00000,0x00000000ec5ad710,0x00000000ec780000)
  to   space 7168K, 0% used [0x00000000ec780000,0x00000000ec780000,0x00000000ece80000)
 ParOldGen       total 292864K, used 272544K [0x00000000c0000000, 0x00000000d1e00000, 0x00000000eab00000)
  object space 292864K, 93% used [0x00000000c0000000,0x00000000d0a28260,0x00000000d1e00000)
 Metaspace       used 69944K, committed 71296K, reserved 1114112K
  class space    used 7378K, committed 7936K, reserved 1048576K
}
Event: 27.228 GC heap after
{Heap after GC invocations=247 (full 10):
 PSYoungGen      total 13312K, used 7153K [0x00000000eab00000, 0x00000000eee00000, 0x0000000100000000)
  eden space 6144K, 0% used [0x00000000eab00000,0x00000000eab00000,0x00000000eb100000)
  from space 7168K, 99% used [0x00000000ec780000,0x00000000ece7c688,0x00000000ece80000)
  to   space 23040K, 0% used [0x00000000eb100000,0x00000000eb100000,0x00000000ec780000)
 ParOldGen       total 292864K, used 285928K [0x00000000c0000000, 0x00000000d1e00000, 0x00000000eab00000)
  object space 292864K, 97% used [0x00000000c0000000,0x00000000d173a030,0x00000000d1e00000)
 Metaspace       used 69944K, committed 71296K, reserved 1114112K
  class space    used 7378K, committed 7936K, reserved 1048576K
}
Event: 27.228 GC heap before
{Heap before GC invocations=248 (full 11):
 PSYoungGen      total 13312K, used 7153K [0x00000000eab00000, 0x00000000eee00000, 0x0000000100000000)
  eden space 6144K, 0% used [0x00000000eab00000,0x00000000eab00000,0x00000000eb100000)
  from space 7168K, 99% used [0x00000000ec780000,0x00000000ece7c688,0x00000000ece80000)
  to   space 23040K, 0% used [0x00000000eb100000,0x00000000eb100000,0x00000000ec780000)
 ParOldGen       total 292864K, used 285928K [0x00000000c0000000, 0x00000000d1e00000, 0x00000000eab00000)
  object space 292864K, 97% used [0x00000000c0000000,0x00000000d173a030,0x00000000d1e00000)
 Metaspace       used 69944K, committed 71296K, reserved 1114112K
  class space    used 7378K, committed 7936K, reserved 1048576K
}

Dll operation events (12 events):
Event: 0.012 Loaded shared library c:\Users\11725231\.vscode\extensions\redhat.java-1.26.0-win32-x64\jre\17.0.9-win32-x86_64\bin\java.dll
Event: 0.534 Loaded shared library c:\Users\11725231\.vscode\extensions\redhat.java-1.26.0-win32-x64\jre\17.0.9-win32-x86_64\bin\zip.dll
Event: 0.540 Loaded shared library C:\Users\11725231\.vscode\extensions\redhat.java-1.26.0-win32-x64\jre\17.0.9-win32-x86_64\bin\instrument.dll
Event: 0.560 Loaded shared library C:\Users\11725231\.vscode\extensions\redhat.java-1.26.0-win32-x64\jre\17.0.9-win32-x86_64\bin\net.dll
Event: 0.565 Loaded shared library C:\Users\11725231\.vscode\extensions\redhat.java-1.26.0-win32-x64\jre\17.0.9-win32-x86_64\bin\nio.dll
Event: 0.575 Loaded shared library C:\Users\11725231\.vscode\extensions\redhat.java-1.26.0-win32-x64\jre\17.0.9-win32-x86_64\bin\zip.dll
Event: 0.592 Loaded shared library C:\Users\11725231\.vscode\extensions\redhat.java-1.26.0-win32-x64\jre\17.0.9-win32-x86_64\bin\jimage.dll
Event: 0.677 Loaded shared library c:\Users\11725231\.vscode\extensions\redhat.java-1.26.0-win32-x64\jre\17.0.9-win32-x86_64\bin\verify.dll
Event: 2.362 Loaded shared library C:\Users\11725231\AppData\Roaming\Code\User\globalStorage\redhat.java\1.26.0\config_win\org.eclipse.equinox.launcher\org.eclipse.equinox.launcher.win32.win32.x86_64_1.2.800.v20231003-1442\eclipse_11802.dll
Event: 4.483 Loaded shared library C:\Users\11725231\.vscode\extensions\redhat.java-1.26.0-win32-x64\jre\17.0.9-win32-x86_64\bin\management.dll
Event: 4.487 Loaded shared library C:\Users\11725231\.vscode\extensions\redhat.java-1.26.0-win32-x64\jre\17.0.9-win32-x86_64\bin\management_ext.dll
Event: 6.904 Loaded shared library C:\Users\11725231\AppData\Local\Temp\jna-1658775862\jna15383863662072261914.dll

Deoptimization events (20 events):
Event: 26.977 Thread 0x000002ac6fee8850 DEOPT PACKING pc=0x000002ac58f1f6bb sp=0x000000e9bf1fecb0
Event: 26.977 Thread 0x000002ac6fee8850 DEOPT UNPACKING pc=0x000002ac5ff66e43 sp=0x000000e9bf1fe180 mode 0
Event: 26.978 Thread 0x000002ac6fee8850 DEOPT PACKING pc=0x000002ac58f1f6bb sp=0x000000e9bf1fecb0
Event: 26.978 Thread 0x000002ac6fee8850 DEOPT UNPACKING pc=0x000002ac5ff66e43 sp=0x000000e9bf1fe180 mode 0
Event: 26.982 Thread 0x000002ac6fee8850 DEOPT PACKING pc=0x000002ac58f1f6bb sp=0x000000e9bf1fecb0
Event: 26.982 Thread 0x000002ac6fee8850 DEOPT UNPACKING pc=0x000002ac5ff66e43 sp=0x000000e9bf1fe180 mode 0
Event: 26.983 Thread 0x000002ac6fee8850 DEOPT PACKING pc=0x000002ac58f1f6bb sp=0x000000e9bf1fecb0
Event: 26.983 Thread 0x000002ac6fee8850 DEOPT UNPACKING pc=0x000002ac5ff66e43 sp=0x000000e9bf1fe180 mode 0
Event: 26.985 Thread 0x000002ac6fee8850 DEOPT PACKING pc=0x000002ac58f1f6bb sp=0x000000e9bf1fecb0
Event: 26.985 Thread 0x000002ac6fee8850 DEOPT UNPACKING pc=0x000002ac5ff66e43 sp=0x000000e9bf1fe180 mode 0
Event: 26.988 Thread 0x000002ac6fee8850 DEOPT PACKING pc=0x000002ac58f1f6bb sp=0x000000e9bf1fecb0
Event: 26.988 Thread 0x000002ac6fee8850 DEOPT UNPACKING pc=0x000002ac5ff66e43 sp=0x000000e9bf1fe180 mode 0
Event: 26.989 Thread 0x000002ac6fee8850 DEOPT PACKING pc=0x000002ac58f1f6bb sp=0x000000e9bf1fecb0
Event: 26.989 Thread 0x000002ac6fee8850 DEOPT UNPACKING pc=0x000002ac5ff66e43 sp=0x000000e9bf1fe180 mode 0
Event: 26.990 Thread 0x000002ac6fee8850 DEOPT PACKING pc=0x000002ac58f1f6bb sp=0x000000e9bf1fecb0
Event: 26.990 Thread 0x000002ac6fee8850 DEOPT UNPACKING pc=0x000002ac5ff66e43 sp=0x000000e9bf1fe180 mode 0
Event: 26.992 Thread 0x000002ac6fee8850 DEOPT PACKING pc=0x000002ac58f1f6bb sp=0x000000e9bf1fecb0
Event: 26.992 Thread 0x000002ac6fee8850 DEOPT UNPACKING pc=0x000002ac5ff66e43 sp=0x000000e9bf1fe180 mode 0
Event: 26.993 Thread 0x000002ac6fee8850 DEOPT PACKING pc=0x000002ac58f1f6bb sp=0x000000e9bf1fecb0
Event: 26.993 Thread 0x000002ac6fee8850 DEOPT UNPACKING pc=0x000002ac5ff66e43 sp=0x000000e9bf1fe180 mode 0

Classes unloaded (7 events):
Event: 6.663 Thread 0x000002ac69b6c320 Unloading class 0x0000000100250400 'java/lang/invoke/LambdaForm$MH+0x0000000100250400'
Event: 6.663 Thread 0x000002ac69b6c320 Unloading class 0x0000000100250000 'java/lang/invoke/LambdaForm$MH+0x0000000100250000'
Event: 6.663 Thread 0x000002ac69b6c320 Unloading class 0x000000010024bc00 'java/lang/invoke/LambdaForm$MH+0x000000010024bc00'
Event: 6.663 Thread 0x000002ac69b6c320 Unloading class 0x000000010024b800 'java/lang/invoke/LambdaForm$MH+0x000000010024b800'
Event: 6.663 Thread 0x000002ac69b6c320 Unloading class 0x000000010024b400 'java/lang/invoke/LambdaForm$BMH+0x000000010024b400'
Event: 6.663 Thread 0x000002ac69b6c320 Unloading class 0x000000010024b000 'java/lang/invoke/LambdaForm$DMH+0x000000010024b000'
Event: 6.663 Thread 0x000002ac69b6c320 Unloading class 0x0000000100248400 'java/lang/invoke/LambdaForm$DMH+0x0000000100248400'

Classes redefined (0 events):
No events

Internal exceptions (20 events):
Event: 22.815 Thread 0x000002ac74013d00 Exception <a 'java/lang/NoSuchMethodError'{0x00000000eb0f9858}: 'int java.lang.invoke.DirectMethodHandle$Holder.invokeStatic(java.lang.Object, int, java.lang.Object)'> (0x00000000eb0f9858) 
thrown [s\src\hotspot\share\interpreter\linkResolver.cpp, line 759]
Event: 23.146 Thread 0x000002ac70eafb00 Exception <a 'sun/nio/fs/WindowsException'{0x00000000eab03108}> (0x00000000eab03108) 
thrown [s\src\hotspot\share\prims\jni.cpp, line 516]
Event: 23.156 Thread 0x000002ac70eafb00 Exception <a 'sun/nio/fs/WindowsException'{0x00000000eab79cd8}> (0x00000000eab79cd8) 
thrown [s\src\hotspot\share\prims\jni.cpp, line 516]
Event: 23.161 Thread 0x000002ac70eafb00 Exception <a 'sun/nio/fs/WindowsException'{0x00000000eab90c70}> (0x00000000eab90c70) 
thrown [s\src\hotspot\share\prims\jni.cpp, line 516]
Event: 23.167 Thread 0x000002ac70eafb00 Exception <a 'sun/nio/fs/WindowsException'{0x00000000eaba3908}> (0x00000000eaba3908) 
thrown [s\src\hotspot\share\prims\jni.cpp, line 516]
Event: 23.174 Thread 0x000002ac70eafb00 Exception <a 'sun/nio/fs/WindowsException'{0x00000000eabbd7e0}> (0x00000000eabbd7e0) 
thrown [s\src\hotspot\share\prims\jni.cpp, line 516]
Event: 23.175 Thread 0x000002ac70eafb00 Exception <a 'sun/nio/fs/WindowsException'{0x00000000eabbe438}> (0x00000000eabbe438) 
thrown [s\src\hotspot\share\prims\jni.cpp, line 516]
Event: 23.175 Thread 0x000002ac70eafb00 Exception <a 'sun/nio/fs/WindowsException'{0x00000000eabbf0d0}> (0x00000000eabbf0d0) 
thrown [s\src\hotspot\share\prims\jni.cpp, line 516]
Event: 23.178 Thread 0x000002ac70eafb00 Exception <a 'sun/nio/fs/WindowsException'{0x00000000eabc64d8}> (0x00000000eabc64d8) 
thrown [s\src\hotspot\share\prims\jni.cpp, line 516]
Event: 23.186 Thread 0x000002ac70eafb00 Exception <a 'sun/nio/fs/WindowsException'{0x00000000eabcfe70}> (0x00000000eabcfe70) 
thrown [s\src\hotspot\share\prims\jni.cpp, line 516]
Event: 23.189 Thread 0x000002ac70eafb00 Exception <a 'sun/nio/fs/WindowsException'{0x00000000eabda568}> (0x00000000eabda568) 
thrown [s\src\hotspot\share\prims\jni.cpp, line 516]
Event: 23.304 Thread 0x000002ac70eafb00 Exception <a 'sun/nio/fs/WindowsException'{0x00000000eab44b98}> (0x00000000eab44b98) 
thrown [s\src\hotspot\share\prims\jni.cpp, line 516]
Event: 23.316 Thread 0x000002ac70eafb00 Exception <a 'java/lang/NoSuchMethodError'{0x00000000eac29bb8}: 'java.lang.Object java.lang.invoke.DirectMethodHandle$Holder.newInvokeSpecial(java.lang.Object, java.lang.Object, int, java.lang.Object, java.lang.Object)'> (0x00000000eac29bb8) 
thrown [s\src\hotspot\share\interpreter\linkResolver.cpp, line 759]
Event: 23.797 Thread 0x000002ac70eafb00 Exception <a 'sun/nio/fs/WindowsException'{0x00000000eac07a50}> (0x00000000eac07a50) 
thrown [s\src\hotspot\share\prims\jni.cpp, line 516]
Event: 23.804 Thread 0x000002ac70eafb00 Exception <a 'sun/nio/fs/WindowsException'{0x00000000eac097b0}> (0x00000000eac097b0) 
thrown [s\src\hotspot\share\prims\jni.cpp, line 516]
Event: 23.809 Thread 0x000002ac70eafb00 Exception <a 'sun/nio/fs/WindowsException'{0x00000000eac0b498}> (0x00000000eac0b498) 
thrown [s\src\hotspot\share\prims\jni.cpp, line 516]
Event: 23.814 Thread 0x000002ac70eafb00 Exception <a 'sun/nio/fs/WindowsException'{0x00000000eac0d0d8}> (0x00000000eac0d0d8) 
thrown [s\src\hotspot\share\prims\jni.cpp, line 516]
Event: 23.816 Thread 0x000002ac70eafb00 Exception <a 'sun/nio/fs/WindowsException'{0x00000000eac0ef58}> (0x00000000eac0ef58) 
thrown [s\src\hotspot\share\prims\jni.cpp, line 516]
Event: 23.819 Thread 0x000002ac70eafb00 Exception <a 'sun/nio/fs/WindowsException'{0x00000000eac10c70}> (0x00000000eac10c70) 
thrown [s\src\hotspot\share\prims\jni.cpp, line 516]
Event: 23.821 Thread 0x000002ac70eafb00 Exception <a 'sun/nio/fs/WindowsException'{0x00000000eac12928}> (0x00000000eac12928) 
thrown [s\src\hotspot\share\prims\jni.cpp, line 516]

VM Operations (20 events):
Event: 25.549 Executing VM operation: ParallelGCFailedAllocation done
Event: 25.744 Executing VM operation: ParallelGCFailedAllocation
Event: 25.748 Executing VM operation: ParallelGCFailedAllocation done
Event: 25.811 Executing VM operation: ParallelGCFailedAllocation
Event: 25.818 Executing VM operation: ParallelGCFailedAllocation done
Event: 25.852 Executing VM operation: ParallelGCFailedAllocation
Event: 25.856 Executing VM operation: ParallelGCFailedAllocation done
Event: 25.903 Executing VM operation: ParallelGCFailedAllocation
Event: 26.345 Executing VM operation: ParallelGCFailedAllocation done
Event: 26.368 Executing VM operation: ParallelGCFailedAllocation
Event: 26.389 Executing VM operation: ParallelGCFailedAllocation done
Event: 26.411 Executing VM operation: ParallelGCFailedAllocation
Event: 26.417 Executing VM operation: ParallelGCFailedAllocation done
Event: 26.432 Executing VM operation: ParallelGCFailedAllocation
Event: 26.438 Executing VM operation: ParallelGCFailedAllocation done
Event: 26.452 Executing VM operation: ParallelGCFailedAllocation
Event: 26.459 Executing VM operation: ParallelGCFailedAllocation done
Event: 26.777 Executing VM operation: ParallelGCFailedAllocation
Event: 26.785 Executing VM operation: ParallelGCFailedAllocation done
Event: 27.210 Executing VM operation: ParallelGCFailedAllocation

Events (20 events):
Event: 25.523 Thread 0x000002ac6ee39650 flushing nmethod 0x000002ac59b6b190
Event: 25.523 Thread 0x000002ac6ee39650 flushing nmethod 0x000002ac59b6c590
Event: 25.523 Thread 0x000002ac6ee39650 flushing nmethod 0x000002ac59b6db10
Event: 25.523 Thread 0x000002ac6ee39650 flushing nmethod 0x000002ac59b6de90
Event: 25.523 Thread 0x000002ac6ee39650 flushing nmethod 0x000002ac59b6e210
Event: 25.523 Thread 0x000002ac6ee39650 flushing nmethod 0x000002ac59b6eb90
Event: 25.523 Thread 0x000002ac6ee39650 flushing nmethod 0x000002ac59b6f510
Event: 25.523 Thread 0x000002ac6ee39650 flushing nmethod 0x000002ac59b70110
Event: 25.523 Thread 0x000002ac6ee39650 flushing nmethod 0x000002ac59b71c10
Event: 25.523 Thread 0x000002ac6ee39650 flushing nmethod 0x000002ac59b72210
Event: 25.523 Thread 0x000002ac6ee39650 flushing nmethod 0x000002ac59b74690
Event: 25.523 Thread 0x000002ac6ee39650 flushing nmethod 0x000002ac59b74e90
Event: 25.523 Thread 0x000002ac6ee39650 flushing nmethod 0x000002ac59b75b10
Event: 25.523 Thread 0x000002ac6ee39650 flushing nmethod 0x000002ac59b7b390
Event: 25.523 Thread 0x000002ac6ee39650 flushing nmethod 0x000002ac59b85790
Event: 25.523 Thread 0x000002ac6ee39650 flushing nmethod 0x000002ac59b97c10
Event: 25.523 Thread 0x000002ac6ee39650 flushing nmethod 0x000002ac59be0690
Event: 25.523 Thread 0x000002ac6ee39650 flushing nmethod 0x000002ac59be1310
Event: 25.523 Thread 0x000002ac6ee39650 flushing nmethod 0x000002ac59c0d290
Event: 25.524 Thread 0x000002ac6ee39650 flushing nmethod 0x000002ac59c4e590


Dynamic libraries:
0x00007ff6fa2c0000 - 0x00007ff6fa2ce000 	c:\Users\11725231\.vscode\extensions\redhat.java-1.26.0-win32-x64\jre\17.0.9-win32-x86_64\bin\java.exe
0x00007ff928870000 - 0x00007ff928a68000 	C:\WINDOWS\SYSTEM32\ntdll.dll
0x00007ff928290000 - 0x00007ff92834d000 	C:\WINDOWS\System32\KERNEL32.DLL
0x00007ff9265c0000 - 0x00007ff9268b6000 	C:\WINDOWS\System32\KERNELBASE.dll
0x00007ff9260a0000 - 0x00007ff9261a0000 	C:\WINDOWS\System32\ucrtbase.dll
0x00007ff921860000 - 0x00007ff921877000 	c:\Users\11725231\.vscode\extensions\redhat.java-1.26.0-win32-x64\jre\17.0.9-win32-x86_64\bin\jli.dll
0x00007ff927080000 - 0x00007ff92721e000 	C:\WINDOWS\System32\USER32.dll
0x00007ff926500000 - 0x00007ff926522000 	C:\WINDOWS\System32\win32u.dll
0x00007ff928130000 - 0x00007ff92815c000 	C:\WINDOWS\System32\GDI32.dll
0x00007ff926320000 - 0x00007ff92643a000 	C:\WINDOWS\System32\gdi32full.dll
0x00007ff926280000 - 0x00007ff92631d000 	C:\WINDOWS\System32\msvcp_win.dll
0x00007ff921830000 - 0x00007ff92184b000 	c:\Users\11725231\.vscode\extensions\redhat.java-1.26.0-win32-x64\jre\17.0.9-win32-x86_64\bin\VCRUNTIME140.dll
0x00007ff91cd00000 - 0x00007ff91cf9a000 	C:\WINDOWS\WinSxS\amd64_microsoft.windows.common-controls_6595b64144ccf1df_6.0.19041.3636_none_60b6a03d71f818d5\COMCTL32.dll
0x00007ff927770000 - 0x00007ff92780e000 	C:\WINDOWS\System32\msvcrt.dll
0x00007ff927220000 - 0x00007ff927250000 	C:\WINDOWS\System32\IMM32.DLL
0x00007ff9236e0000 - 0x00007ff9236ec000 	c:\Users\11725231\.vscode\extensions\redhat.java-1.26.0-win32-x64\jre\17.0.9-win32-x86_64\bin\vcruntime140_1.dll
0x00007ff90f520000 - 0x00007ff90f5ad000 	c:\Users\11725231\.vscode\extensions\redhat.java-1.26.0-win32-x64\jre\17.0.9-win32-x86_64\bin\msvcp140.dll
0x00007ff8d57a0000 - 0x00007ff8d6401000 	c:\Users\11725231\.vscode\extensions\redhat.java-1.26.0-win32-x64\jre\17.0.9-win32-x86_64\bin\server\jvm.dll
0x00007ff926fc0000 - 0x00007ff927073000 	C:\WINDOWS\System32\ADVAPI32.dll
0x00007ff9273d0000 - 0x00007ff92746f000 	C:\WINDOWS\System32\sechost.dll
0x00007ff9274f0000 - 0x00007ff927616000 	C:\WINDOWS\System32\RPCRT4.dll
0x00007ff926250000 - 0x00007ff926277000 	C:\WINDOWS\System32\bcrypt.dll
0x00007ff925da0000 - 0x00007ff925deb000 	C:\WINDOWS\SYSTEM32\POWRPROF.dll
0x00007ff9236c0000 - 0x00007ff9236c9000 	C:\WINDOWS\SYSTEM32\WSOCK32.dll
0x00007ff9287c0000 - 0x00007ff92882b000 	C:\WINDOWS\System32\WS2_32.dll
0x00007ff90fff0000 - 0x00007ff910017000 	C:\WINDOWS\SYSTEM32\WINMM.dll
0x00007ff91a5c0000 - 0x00007ff91a5ca000 	C:\WINDOWS\SYSTEM32\VERSION.dll
0x00007ff925d80000 - 0x00007ff925d92000 	C:\WINDOWS\SYSTEM32\UMPDC.dll
0x00007ff923b20000 - 0x00007ff923b32000 	C:\WINDOWS\SYSTEM32\kernel.appcore.dll
0x00007ff9194a0000 - 0x00007ff9194aa000 	c:\Users\11725231\.vscode\extensions\redhat.java-1.26.0-win32-x64\jre\17.0.9-win32-x86_64\bin\jimage.dll
0x00007ff91a3d0000 - 0x00007ff91a5b4000 	C:\WINDOWS\SYSTEM32\DBGHELP.DLL
0x00007ff919e80000 - 0x00007ff919eb4000 	C:\WINDOWS\SYSTEM32\dbgcore.DLL
0x00007ff926530000 - 0x00007ff9265b2000 	C:\WINDOWS\System32\bcryptPrimitives.dll
0x00007ff919490000 - 0x00007ff91949e000 	c:\Users\11725231\.vscode\extensions\redhat.java-1.26.0-win32-x64\jre\17.0.9-win32-x86_64\bin\instrument.dll
0x00007ff912210000 - 0x00007ff912235000 	c:\Users\11725231\.vscode\extensions\redhat.java-1.26.0-win32-x64\jre\17.0.9-win32-x86_64\bin\java.dll
0x00007ff919470000 - 0x00007ff919488000 	c:\Users\11725231\.vscode\extensions\redhat.java-1.26.0-win32-x64\jre\17.0.9-win32-x86_64\bin\zip.dll
0x00007ff927930000 - 0x00007ff928075000 	C:\WINDOWS\System32\SHELL32.dll
0x00007ff923e30000 - 0x00007ff9245cb000 	C:\WINDOWS\SYSTEM32\windows.storage.dll
0x00007ff926bd0000 - 0x00007ff926f24000 	C:\WINDOWS\System32\combase.dll
0x00007ff9258a0000 - 0x00007ff9258cd000 	C:\WINDOWS\SYSTEM32\Wldp.dll
0x00007ff927250000 - 0x00007ff9272fd000 	C:\WINDOWS\System32\SHCORE.dll
0x00007ff926960000 - 0x00007ff9269b5000 	C:\WINDOWS\System32\shlwapi.dll
0x00007ff925e70000 - 0x00007ff925e95000 	C:\WINDOWS\SYSTEM32\profapi.dll
0x00007ff918aa0000 - 0x00007ff918ab9000 	C:\Users\11725231\.vscode\extensions\redhat.java-1.26.0-win32-x64\jre\17.0.9-win32-x86_64\bin\net.dll
0x00007ff91fd10000 - 0x00007ff91fe1a000 	C:\WINDOWS\SYSTEM32\WINHTTP.dll
0x00007ff925600000 - 0x00007ff92566a000 	C:\WINDOWS\system32\mswsock.dll
0x00007ff9121f0000 - 0x00007ff912206000 	C:\Users\11725231\.vscode\extensions\redhat.java-1.26.0-win32-x64\jre\17.0.9-win32-x86_64\bin\nio.dll
0x00007ff914330000 - 0x00007ff914340000 	c:\Users\11725231\.vscode\extensions\redhat.java-1.26.0-win32-x64\jre\17.0.9-win32-x86_64\bin\verify.dll
0x00007ff90f8e0000 - 0x00007ff90f91e000 	C:\Users\11725231\AppData\Roaming\Code\User\globalStorage\redhat.java\1.26.0\config_win\org.eclipse.equinox.launcher\org.eclipse.equinox.launcher.win32.win32.x86_64_1.2.800.v20231003-1442\eclipse_11802.dll
0x00007ff928160000 - 0x00007ff92828b000 	C:\WINDOWS\System32\ole32.dll
0x00007ff911760000 - 0x00007ff911769000 	C:\Users\11725231\.vscode\extensions\redhat.java-1.26.0-win32-x64\jre\17.0.9-win32-x86_64\bin\management.dll
0x00007ff911640000 - 0x00007ff91164b000 	C:\Users\11725231\.vscode\extensions\redhat.java-1.26.0-win32-x64\jre\17.0.9-win32-x86_64\bin\management_ext.dll
0x00007ff926f30000 - 0x00007ff926f38000 	C:\WINDOWS\System32\PSAPI.DLL
0x00007ff9257f0000 - 0x00007ff925808000 	C:\WINDOWS\SYSTEM32\CRYPTSP.dll
0x00007ff924f30000 - 0x00007ff924f64000 	C:\WINDOWS\system32\rsaenh.dll
0x00007ff925e30000 - 0x00007ff925e5e000 	C:\WINDOWS\SYSTEM32\USERENV.dll
0x00007ff925810000 - 0x00007ff92581c000 	C:\WINDOWS\SYSTEM32\CRYPTBASE.dll
0x00007ff9252f0000 - 0x00007ff92532b000 	C:\WINDOWS\SYSTEM32\IPHLPAPI.DLL
0x00007ff927680000 - 0x00007ff927688000 	C:\WINDOWS\System32\NSI.dll
0x00007ff9207d0000 - 0x00007ff9207e7000 	C:\WINDOWS\SYSTEM32\dhcpcsvc6.DLL
0x00007ff9207b0000 - 0x00007ff9207cd000 	C:\WINDOWS\SYSTEM32\dhcpcsvc.DLL
0x00007ff925330000 - 0x00007ff9253fa000 	C:\WINDOWS\SYSTEM32\DNSAPI.dll
0x00007ff90f1e0000 - 0x00007ff90f225000 	C:\Users\11725231\AppData\Local\Temp\jna-1658775862\jna15383863662072261914.dll
0x00007ff925050000 - 0x00007ff925083000 	C:\WINDOWS\SYSTEM32\ntmarta.dll

dbghelp: loaded successfully - version: 4.0.5 - missing functions: none
symbol engine: initialized successfully - sym options: 0x614 - pdb path: .;c:\Users\11725231\.vscode\extensions\redhat.java-1.26.0-win32-x64\jre\17.0.9-win32-x86_64\bin;C:\WINDOWS\SYSTEM32;C:\WINDOWS\WinSxS\amd64_microsoft.windows.common-controls_6595b64144ccf1df_6.0.19041.3636_none_60b6a03d71f818d5;c:\Users\11725231\.vscode\extensions\redhat.java-1.26.0-win32-x64\jre\17.0.9-win32-x86_64\bin\server;C:\Users\11725231\AppData\Roaming\Code\User\globalStorage\redhat.java\1.26.0\config_win\org.eclipse.equinox.launcher\org.eclipse.equinox.launcher.win32.win32.x86_64_1.2.800.v20231003-1442;C:\Users\11725231\AppData\Local\Temp\jna-1658775862

VM Arguments:
jvm_args: --add-modules=ALL-SYSTEM --add-opens=java.base/java.util=ALL-UNNAMED --add-opens=java.base/java.lang=ALL-UNNAMED --add-opens=java.base/sun.nio.fs=ALL-UNNAMED -Declipse.application=org.eclipse.jdt.ls.core.id1 -Dosgi.bundles.defaultStartLevel=4 -Declipse.product=org.eclipse.jdt.ls.core.product -Djava.import.generatesMetadataFilesAtProjectRoot=false -DDetectVMInstallationsJob.disabled=true -Dfile.encoding=utf8 -XX:+UseParallelGC -XX:GCTimeRatio=4 -XX:AdaptiveSizePolicyWeight=90 -Dsun.zip.disableMemoryMapping=true -Xmx1G -Xms100m -Xlog:disable -javaagent:c:\Users\11725231\.vscode\extensions\redhat.java-1.26.0-win32-x64\lombok\lombok-1.18.31-3454.jar -XX:+HeapDumpOnOutOfMemoryError -XX:HeapDumpPath=c:\Users\11725231\AppData\Roaming\Code\User\workspaceStorage\c7343b9234b7905f21c3bc0c092f164d\redhat.java -Daether.dependencyCollector.impl=bf 
java_command: c:\Users\11725231\.vscode\extensions\redhat.java-1.26.0-win32-x64\server\plugins\org.eclipse.equinox.launcher_1.6.700.v20231214-2017.jar -configuration c:\Users\11725231\AppData\Roaming\Code\User\globalStorage\redhat.java\1.26.0\config_win -data c:\Users\11725231\AppData\Roaming\Code\User\workspaceStorage\c7343b9234b7905f21c3bc0c092f164d\redhat.java\jdt_ws --stdio
java_class_path (initial): c:\Users\11725231\.vscode\extensions\redhat.java-1.26.0-win32-x64\server\plugins\org.eclipse.equinox.launcher_1.6.700.v20231214-2017.jar
Launcher Type: SUN_STANDARD

[Global flags]
    uintx AdaptiveSizePolicyWeight                 = 90                                        {product} {command line}
     intx CICompilerCount                          = 3                                         {product} {ergonomic}
    uintx GCTimeRatio                              = 4                                         {product} {command line}
     bool HeapDumpOnOutOfMemoryError               = true                                   {manageable} {command line}
    ccstr HeapDumpPath                             = c:\Users\11725231\AppData\Roaming\Code\User\workspaceStorage\c7343b9234b7905f21c3bc0c092f164d\redhat.java         {manageable} {command line}
   size_t InitialHeapSize                          = 104857600                                 {product} {command line}
   size_t MaxHeapSize                              = 1073741824                                {product} {command line}
   size_t MaxNewSize                               = 357564416                                 {product} {ergonomic}
   size_t MinHeapDeltaBytes                        = 524288                                    {product} {ergonomic}
   size_t MinHeapSize                              = 104857600                                 {product} {command line}
   size_t NewSize                                  = 34603008                                  {product} {ergonomic}
    uintx NonNMethodCodeHeapSize                   = 5832780                                {pd product} {ergonomic}
    uintx NonProfiledCodeHeapSize                  = 122912730                              {pd product} {ergonomic}
   size_t OldSize                                  = 70254592                                  {product} {ergonomic}
    uintx ProfiledCodeHeapSize                     = 122912730                              {pd product} {ergonomic}
    uintx ReservedCodeCacheSize                    = 251658240                              {pd product} {ergonomic}
     bool SegmentedCodeCache                       = true                                      {product} {ergonomic}
   size_t SoftMaxHeapSize                          = 1073741824                             {manageable} {ergonomic}
     bool UseCompressedClassPointers               = true                           {product lp64_product} {ergonomic}
     bool UseCompressedOops                        = true                           {product lp64_product} {ergonomic}
     bool UseLargePagesIndividualAllocation        = false                                  {pd product} {ergonomic}
     bool UseParallelGC                            = true                                      {product} {command line}

Logging:
Log output configuration:
 #0: stdout all=off uptime,level,tags
 #1: stderr all=off uptime,level,tags

Environment Variables:
JAVA_HOME=C:\Program Files\Java\jdk-17
PATH=C:\Program Files\Common Files\Oracle\Java\javapath;C:\Program Files (x86)\Common Files\Oracle\Java\javapath;C:\WINDOWS\system32;C:\WINDOWS;C:\WINDOWS\System32\Wbem;C:\WINDOWS\System32\WindowsPowerShell\v1.0\;C:\WINDOWS\System32\OpenSSH\;C:\Program Files\PuTTY\;C:\Program Files\Java\jdk-17\bin;C:\Program Files\PowerShell\7\;C:\Program Files\Maven\bin;C:\Users\11725231\AppData\Local\Microsoft\WindowsApps;C:\Users\11725231\AppData\Local\Programs\Microsoft VS Code\bin;C:\Users\11725231\AppData\Local\Programs\Git\cmd
USERNAME=11725231
OS=Windows_NT
PROCESSOR_IDENTIFIER=Intel64 Family 6 Model 60 Stepping 3, GenuineIntel
TMP=C:\Users\11725231\AppData\Local\Temp
TEMP=C:\Users\11725231\AppData\Local\Temp



Periodic native trim disabled


---------------  S Y S T E M  ---------------

OS:
 Windows 10 , 64 bit Build 19041 (10.0.19041.3636)
OS uptime: 0 days 19:41 hours

CPU: total 4 (initial active 4) (2 cores per cpu, 2 threads per core) family 6 model 60 stepping 3 microcode 0x27, cx8, cmov, fxsr, ht, mmx, sse, sse2, sse3, ssse3, sse4.1, sse4.2, popcnt, lzcnt, tsc, tscinvbit, avx, avx2, aes, erms, clmul, bmi1, bmi2, fma, vzeroupper, clflush
Processor Information for all 4 processors :
  Max Mhz: 3600, Current Mhz: 3600, Mhz Limit: 3600

Memory: 4k page, system-wide physical 8086M (2486M free)
TotalPageFile size 10322M (AvailPageFile size 2622M)
current process WorkingSet (physical memory assigned to process): 639M, peak: 639M
current process commit charge ("private bytes"): 583M, peak: 583M

vm_info: OpenJDK 64-Bit Server VM (17.0.9+9) for windows-amd64 JRE (17.0.9+9), built on Oct 26 2023 14:01:42 by "admin" with MS VC++ 16.10 / 16.11 (VS2019)

END.
